{"meta": {"format": 3, "version": "7.13.0", "timestamp": "2025-12-08T11:51:56.127848", "branch_coverage": false, "show_contexts": false}, "files": {"src/cover_letter_generator/__init__.py": {"executed_lines": [1, 3, 6, 7, 8, 9, 10, 12], "summary": {"covered_lines": 7, "num_statements": 7, "percent_covered": 100.0, "percent_covered_display": "100", "missing_lines": 0, "excluded_lines": 0, "percent_statements_covered": 100.0, "percent_statements_covered_display": "100"}, "missing_lines": [], "excluded_lines": [], "functions": {"": {"executed_lines": [1, 3, 6, 7, 8, 9, 10, 12], "summary": {"covered_lines": 7, "num_statements": 7, "percent_covered": 100.0, "percent_covered_display": "100", "missing_lines": 0, "excluded_lines": 0, "percent_statements_covered": 100.0, "percent_statements_covered_display": "100"}, "missing_lines": [], "excluded_lines": []}}, "classes": {"": {"executed_lines": [1, 3, 6, 7, 8, 9, 10, 12], "summary": {"covered_lines": 7, "num_statements": 7, "percent_covered": 100.0, "percent_covered_display": "100", "missing_lines": 0, "excluded_lines": 0, "percent_statements_covered": 100.0, "percent_statements_covered_display": "100"}, "missing_lines": [], "excluded_lines": []}}}, "src/cover_letter_generator/analysis.py": {"executed_lines": [1, 3, 4, 5, 6, 8, 11, 12, 13, 14, 15, 16, 19, 20, 21, 22, 23, 24, 27, 28, 29, 30, 31, 32, 35, 36, 37, 38, 39, 40, 41, 42, 45], "summary": {"covered_lines": 28, "num_statements": 64, "percent_covered": 43.75, "percent_covered_display": "44", "missing_lines": 36, "excluded_lines": 1, "percent_statements_covered": 43.75, "percent_statements_covered_display": "44"}, "missing_lines": [62, 107, 108, 118, 121, 122, 123, 124, 125, 128, 129, 132, 133, 136, 137, 138, 139, 140, 141, 148, 149, 150, 151, 152, 155, 156, 157, 159, 167, 168, 169, 170, 172, 174, 175, 177], "excluded_lines": [65], "functions": {"analyze_job_posting": {"executed_lines": [], "summary": {"covered_lines": 0, "num_statements": 36, "percent_covered": 0.0, "percent_covered_display": "0", "missing_lines": 36, "excluded_lines": 1, "percent_statements_covered": 0.0, "percent_statements_covered_display": "0"}, "missing_lines": [62, 107, 108, 118, 121, 122, 123, 124, 125, 128, 129, 132, 133, 136, 137, 138, 139, 140, 141, 148, 149, 150, 151, 152, 155, 156, 157, 159, 167, 168, 169, 170, 172, 174, 175, 177], "excluded_lines": [65]}, "": {"executed_lines": [1, 3, 4, 5, 6, 8, 11, 12, 13, 14, 15, 16, 19, 20, 21, 22, 23, 24, 27, 28, 29, 30, 31, 32, 35, 36, 37, 38, 39, 40, 41, 42, 45], "summary": {"covered_lines": 28, "num_statements": 28, "percent_covered": 100.0, "percent_covered_display": "100", "missing_lines": 0, "excluded_lines": 0, "percent_statements_covered": 100.0, "percent_statements_covered_display": "100"}, "missing_lines": [], "excluded_lines": []}}, "classes": {"JobLevel": {"executed_lines": [], "summary": {"covered_lines": 0, "num_statements": 0, "percent_covered": 100.0, "percent_covered_display": "100", "missing_lines": 0, "excluded_lines": 0, "percent_statements_covered": 100.0, "percent_statements_covered_display": "100"}, "missing_lines": [], "excluded_lines": []}, "JobType": {"executed_lines": [], "summary": {"covered_lines": 0, "num_statements": 0, "percent_covered": 100.0, "percent_covered_display": "100", "missing_lines": 0, "excluded_lines": 0, "percent_statements_covered": 100.0, "percent_statements_covered_display": "100"}, "missing_lines": [], "excluded_lines": []}, "JobRequirement": {"executed_lines": [], "summary": {"covered_lines": 0, "num_statements": 0, "percent_covered": 100.0, "percent_covered_display": "100", "missing_lines": 0, "excluded_lines": 0, "percent_statements_covered": 100.0, "percent_statements_covered_display": "100"}, "missing_lines": [], "excluded_lines": []}, "JobAnalysis": {"executed_lines": [], "summary": {"covered_lines": 0, "num_statements": 0, "percent_covered": 100.0, "percent_covered_display": "100", "missing_lines": 0, "excluded_lines": 0, "percent_statements_covered": 100.0, "percent_statements_covered_display": "100"}, "missing_lines": [], "excluded_lines": []}, "": {"executed_lines": [1, 3, 4, 5, 6, 8, 11, 12, 13, 14, 15, 16, 19, 20, 21, 22, 23, 24, 27, 28, 29, 30, 31, 32, 35, 36, 37, 38, 39, 40, 41, 42, 45], "summary": {"covered_lines": 28, "num_statements": 64, "percent_covered": 43.75, "percent_covered_display": "44", "missing_lines": 36, "excluded_lines": 1, "percent_statements_covered": 43.75, "percent_statements_covered_display": "44"}, "missing_lines": [62, 107, 108, 118, 121, 122, 123, 124, 125, 128, 129, 132, 133, 136, 137, 138, 139, 140, 141, 148, 149, 150, 151, 152, 155, 156, 157, 159, 167, 168, 169, 170, 172, 174, 175, 177], "excluded_lines": [65]}}}, "src/cover_letter_generator/cli.py": {"executed_lines": [], "summary": {"covered_lines": 0, "num_statements": 283, "percent_covered": 0.0, "percent_covered_display": "0", "missing_lines": 283, "excluded_lines": 0, "percent_statements_covered": 0.0, "percent_statements_covered_display": "0"}, "missing_lines": [3, 5, 6, 7, 8, 9, 11, 13, 14, 15, 16, 17, 18, 19, 20, 29, 32, 35, 38, 49, 50, 51, 54, 57, 59, 60, 61, 62, 63, 64, 65, 66, 69, 86, 87, 90, 91, 92, 93, 94, 95, 96, 97, 98, 99, 100, 101, 104, 107, 110, 111, 112, 113, 114, 115, 118, 119, 122, 123, 125, 129, 134, 135, 136, 137, 140, 147, 150, 161, 162, 163, 164, 167, 168, 170, 176, 184, 185, 186, 187, 190, 191, 192, 193, 194, 196, 197, 198, 199, 202, 205, 206, 207, 208, 209, 210, 211, 212, 213, 215, 216, 219, 220, 221, 222, 223, 224, 225, 226, 227, 231, 232, 233, 234, 237, 238, 239, 240, 241, 242, 243, 246, 247, 248, 250, 252, 255, 265, 267, 268, 269, 270, 271, 273, 274, 276, 278, 279, 281, 282, 283, 284, 286, 287, 288, 298, 299, 300, 301, 302, 304, 307, 310, 311, 312, 313, 315, 316, 317, 320, 321, 322, 323, 324, 326, 328, 329, 331, 332, 334, 336, 337, 339, 340, 341, 342, 343, 345, 346, 348, 349, 350, 351, 352, 353, 354, 355, 356, 358, 359, 360, 361, 362, 363, 364, 365, 367, 368, 369, 370, 375, 386, 388, 391, 392, 395, 396, 397, 398, 399, 400, 402, 403, 404, 406, 408, 409, 412, 413, 418, 419, 426, 427, 429, 430, 431, 436, 437, 438, 439, 440, 441, 442, 443, 444, 445, 446, 447, 449, 450, 451, 452, 455, 457, 458, 460, 462, 463, 464, 465, 467, 470, 471, 472, 473, 474, 476, 477, 478, 479, 481, 482, 485, 487, 488, 493, 494, 495, 497, 500, 503, 513, 514, 517, 528, 529, 530, 531, 533, 534, 535, 538, 539], "excluded_lines": [], "functions": {"print_welcome": {"executed_lines": [], "summary": {"covered_lines": 0, "num_statements": 8, "percent_covered": 0.0, "percent_covered_display": "0", "missing_lines": 8, "excluded_lines": 0, "percent_statements_covered": 0.0, "percent_statements_covered_display": "0"}, "missing_lines": [59, 60, 61, 62, 63, 64, 65, 66], "excluded_lines": []}, "save_cover_letter": {"executed_lines": [], "summary": {"covered_lines": 0, "num_statements": 34, "percent_covered": 0.0, "percent_covered_display": "0", "missing_lines": 34, "excluded_lines": 0, "percent_statements_covered": 0.0, "percent_statements_covered_display": "0"}, "missing_lines": [86, 87, 90, 91, 92, 93, 94, 95, 96, 97, 98, 99, 100, 101, 104, 107, 110, 111, 112, 113, 114, 115, 118, 119, 122, 123, 125, 129, 134, 135, 136, 137, 140, 147], "excluded_lines": []}, "ensure_signature": {"executed_lines": [], "summary": {"covered_lines": 0, "num_statements": 7, "percent_covered": 0.0, "percent_covered_display": "0", "missing_lines": 7, "excluded_lines": 0, "percent_statements_covered": 0.0, "percent_statements_covered_display": "0"}, "missing_lines": [161, 162, 163, 164, 167, 168, 170], "excluded_lines": []}, "initialize_components": {"executed_lines": [], "summary": {"covered_lines": 0, "num_statements": 50, "percent_covered": 0.0, "percent_covered_display": "0", "missing_lines": 50, "excluded_lines": 0, "percent_statements_covered": 0.0, "percent_statements_covered_display": "0"}, "missing_lines": [184, 185, 186, 187, 190, 191, 192, 193, 194, 196, 197, 198, 199, 202, 205, 206, 207, 208, 209, 210, 211, 212, 213, 215, 216, 219, 220, 221, 222, 223, 224, 225, 226, 227, 231, 232, 233, 234, 237, 238, 239, 240, 241, 242, 243, 246, 247, 248, 250, 252], "excluded_lines": []}, "handle_feedback_loop": {"executed_lines": [], "summary": {"covered_lines": 0, "num_statements": 73, "percent_covered": 0.0, "percent_covered_display": "0", "missing_lines": 73, "excluded_lines": 0, "percent_statements_covered": 0.0, "percent_statements_covered_display": "0"}, "missing_lines": [265, 267, 268, 269, 270, 271, 273, 274, 276, 278, 279, 281, 282, 283, 284, 286, 287, 288, 298, 299, 300, 301, 302, 304, 307, 310, 311, 312, 313, 315, 316, 317, 320, 321, 322, 323, 324, 326, 328, 329, 331, 332, 334, 336, 337, 339, 340, 341, 342, 343, 345, 346, 348, 349, 350, 351, 352, 353, 354, 355, 356, 358, 359, 360, 361, 362, 363, 364, 365, 367, 368, 369, 370], "excluded_lines": []}, "handle_save_and_validate": {"executed_lines": [], "summary": {"covered_lines": 0, "num_statements": 41, "percent_covered": 0.0, "percent_covered_display": "0", "missing_lines": 41, "excluded_lines": 0, "percent_statements_covered": 0.0, "percent_statements_covered_display": "0"}, "missing_lines": [386, 388, 391, 392, 395, 396, 397, 398, 399, 400, 402, 403, 404, 406, 408, 409, 412, 413, 418, 419, 426, 427, 429, 430, 431, 436, 437, 438, 439, 440, 441, 442, 443, 444, 445, 446, 447, 449, 450, 451, 452], "excluded_lines": []}, "main": {"executed_lines": [], "summary": {"covered_lines": 0, "num_statements": 38, "percent_covered": 0.0, "percent_covered_display": "0", "missing_lines": 38, "excluded_lines": 0, "percent_statements_covered": 0.0, "percent_statements_covered_display": "0"}, "missing_lines": [457, 458, 460, 462, 463, 464, 465, 467, 470, 471, 472, 473, 474, 476, 477, 478, 479, 481, 482, 485, 487, 488, 493, 494, 495, 497, 500, 503, 513, 514, 517, 528, 529, 530, 531, 533, 534, 535], "excluded_lines": []}, "": {"executed_lines": [], "summary": {"covered_lines": 0, "num_statements": 32, "percent_covered": 0.0, "percent_covered_display": "0", "missing_lines": 32, "excluded_lines": 0, "percent_statements_covered": 0.0, "percent_statements_covered_display": "0"}, "missing_lines": [3, 5, 6, 7, 8, 9, 11, 13, 14, 15, 16, 17, 18, 19, 20, 29, 32, 35, 38, 49, 50, 51, 54, 57, 69, 150, 176, 255, 375, 455, 538, 539], "excluded_lines": []}}, "classes": {"": {"executed_lines": [], "summary": {"covered_lines": 0, "num_statements": 283, "percent_covered": 0.0, "percent_covered_display": "0", "missing_lines": 283, "excluded_lines": 0, "percent_statements_covered": 0.0, "percent_statements_covered_display": "0"}, "missing_lines": [3, 5, 6, 7, 8, 9, 11, 13, 14, 15, 16, 17, 18, 19, 20, 29, 32, 35, 38, 49, 50, 51, 54, 57, 59, 60, 61, 62, 63, 64, 65, 66, 69, 86, 87, 90, 91, 92, 93, 94, 95, 96, 97, 98, 99, 100, 101, 104, 107, 110, 111, 112, 113, 114, 115, 118, 119, 122, 123, 125, 129, 134, 135, 136, 137, 140, 147, 150, 161, 162, 163, 164, 167, 168, 170, 176, 184, 185, 186, 187, 190, 191, 192, 193, 194, 196, 197, 198, 199, 202, 205, 206, 207, 208, 209, 210, 211, 212, 213, 215, 216, 219, 220, 221, 222, 223, 224, 225, 226, 227, 231, 232, 233, 234, 237, 238, 239, 240, 241, 242, 243, 246, 247, 248, 250, 252, 255, 265, 267, 268, 269, 270, 271, 273, 274, 276, 278, 279, 281, 282, 283, 284, 286, 287, 288, 298, 299, 300, 301, 302, 304, 307, 310, 311, 312, 313, 315, 316, 317, 320, 321, 322, 323, 324, 326, 328, 329, 331, 332, 334, 336, 337, 339, 340, 341, 342, 343, 345, 346, 348, 349, 350, 351, 352, 353, 354, 355, 356, 358, 359, 360, 361, 362, 363, 364, 365, 367, 368, 369, 370, 375, 386, 388, 391, 392, 395, 396, 397, 398, 399, 400, 402, 403, 404, 406, 408, 409, 412, 413, 418, 419, 426, 427, 429, 430, 431, 436, 437, 438, 439, 440, 441, 442, 443, 444, 445, 446, 447, 449, 450, 451, 452, 455, 457, 458, 460, 462, 463, 464, 465, 467, 470, 471, 472, 473, 474, 476, 477, 478, 479, 481, 482, 485, 487, 488, 493, 494, 495, 497, 500, 503, 513, 514, 517, 528, 529, 530, 531, 533, 534, 535, 538, 539], "excluded_lines": []}}}, "src/cover_letter_generator/docx_generator.py": {"executed_lines": [1, 3, 4, 5, 6, 8, 9, 12], "summary": {"covered_lines": 7, "num_statements": 124, "percent_covered": 5.645161290322581, "percent_covered_display": "6", "missing_lines": 117, "excluded_lines": 0, "percent_statements_covered": 5.645161290322581, "percent_statements_covered_display": "6"}, "missing_lines": [29, 30, 32, 33, 34, 36, 38, 42, 45, 46, 47, 48, 49, 50, 53, 54, 55, 56, 57, 58, 59, 62, 63, 64, 65, 66, 67, 70, 71, 72, 73, 74, 75, 76, 78, 79, 80, 81, 82, 83, 84, 85, 88, 89, 90, 91, 92, 94, 95, 96, 97, 98, 99, 100, 103, 104, 105, 106, 107, 108, 109, 112, 113, 114, 117, 119, 120, 121, 124, 126, 127, 128, 129, 132, 133, 134, 136, 137, 140, 141, 142, 143, 146, 147, 148, 149, 150, 151, 152, 155, 156, 157, 158, 159, 160, 161, 162, 165, 166, 167, 168, 169, 170, 171, 172, 175, 176, 179, 180, 181, 184, 185, 187, 189, 190, 193, 195], "excluded_lines": [], "functions": {"generate_cover_letter_docx": {"executed_lines": [], "summary": {"covered_lines": 0, "num_statements": 117, "percent_covered": 0.0, "percent_covered_display": "0", "missing_lines": 117, "excluded_lines": 0, "percent_statements_covered": 0.0, "percent_statements_covered_display": "0"}, "missing_lines": [29, 30, 32, 33, 34, 36, 38, 42, 45, 46, 47, 48, 49, 50, 53, 54, 55, 56, 57, 58, 59, 62, 63, 64, 65, 66, 67, 70, 71, 72, 73, 74, 75, 76, 78, 79, 80, 81, 82, 83, 84, 85, 88, 89, 90, 91, 92, 94, 95, 96, 97, 98, 99, 100, 103, 104, 105, 106, 107, 108, 109, 112, 113, 114, 117, 119, 120, 121, 124, 126, 127, 128, 129, 132, 133, 134, 136, 137, 140, 141, 142, 143, 146, 147, 148, 149, 150, 151, 152, 155, 156, 157, 158, 159, 160, 161, 162, 165, 166, 167, 168, 169, 170, 171, 172, 175, 176, 179, 180, 181, 184, 185, 187, 189, 190, 193, 195], "excluded_lines": []}, "": {"executed_lines": [1, 3, 4, 5, 6, 8, 9, 12], "summary": {"covered_lines": 7, "num_statements": 7, "percent_covered": 100.0, "percent_covered_display": "100", "missing_lines": 0, "excluded_lines": 0, "percent_statements_covered": 100.0, "percent_statements_covered_display": "100"}, "missing_lines": [], "excluded_lines": []}}, "classes": {"": {"executed_lines": [1, 3, 4, 5, 6, 8, 9, 12], "summary": {"covered_lines": 7, "num_statements": 124, "percent_covered": 5.645161290322581, "percent_covered_display": "6", "missing_lines": 117, "excluded_lines": 0, "percent_statements_covered": 5.645161290322581, "percent_statements_covered_display": "6"}, "missing_lines": [29, 30, 32, 33, 34, 36, 38, 42, 45, 46, 47, 48, 49, 50, 53, 54, 55, 56, 57, 58, 59, 62, 63, 64, 65, 66, 67, 70, 71, 72, 73, 74, 75, 76, 78, 79, 80, 81, 82, 83, 84, 85, 88, 89, 90, 91, 92, 94, 95, 96, 97, 98, 99, 100, 103, 104, 105, 106, 107, 108, 109, 112, 113, 114, 117, 119, 120, 121, 124, 126, 127, 128, 129, 132, 133, 134, 136, 137, 140, 141, 142, 143, 146, 147, 148, 149, 150, 151, 152, 155, 156, 157, 158, 159, 160, 161, 162, 165, 166, 167, 168, 169, 170, 171, 172, 175, 176, 179, 180, 181, 184, 185, 187, 189, 190, 193, 195], "excluded_lines": []}}}, "src/cover_letter_generator/feedback_tracker.py": {"executed_lines": [], "summary": {"covered_lines": 0, "num_statements": 85, "percent_covered": 0.0, "percent_covered_display": "0", "missing_lines": 85, "excluded_lines": 0, "percent_statements_covered": 0.0, "percent_statements_covered_display": "0"}, "missing_lines": [3, 4, 5, 6, 7, 8, 9, 11, 12, 15, 18, 19, 21, 22, 23, 24, 25, 27, 28, 30, 31, 32, 35, 38, 44, 45, 46, 48, 49, 52, 53, 55, 57, 58, 60, 61, 62, 63, 64, 65, 66, 68, 70, 71, 72, 73, 74, 75, 77, 86, 87, 89, 90, 102, 112, 114, 115, 116, 118, 120, 121, 122, 124, 137, 139, 147, 148, 150, 156, 157, 158, 160, 162, 171, 174, 175, 177, 183, 185, 187, 197, 202, 204, 212, 217], "excluded_lines": [], "functions": {"FeedbackEntry.to_dict": {"executed_lines": [], "summary": {"covered_lines": 0, "num_statements": 1, "percent_covered": 0.0, "percent_covered_display": "0", "missing_lines": 1, "excluded_lines": 0, "percent_statements_covered": 0.0, "percent_statements_covered_display": "0"}, "missing_lines": [28], "excluded_lines": []}, "FeedbackEntry.from_dict": {"executed_lines": [], "summary": {"covered_lines": 0, "num_statements": 1, "percent_covered": 0.0, "percent_covered_display": "0", "missing_lines": 1, "excluded_lines": 0, "percent_statements_covered": 0.0, "percent_statements_covered_display": "0"}, "missing_lines": [32], "excluded_lines": []}, "FeedbackTracker.__init__": {"executed_lines": [], "summary": {"covered_lines": 0, "num_statements": 7, "percent_covered": 0.0, "percent_covered_display": "0", "missing_lines": 7, "excluded_lines": 0, "percent_statements_covered": 0.0, "percent_statements_covered_display": "0"}, "missing_lines": [44, 45, 46, 48, 49, 52, 53], "excluded_lines": []}, "FeedbackTracker._load_feedback_history": {"executed_lines": [], "summary": {"covered_lines": 0, "num_statements": 9, "percent_covered": 0.0, "percent_covered_display": "0", "missing_lines": 9, "excluded_lines": 0, "percent_statements_covered": 0.0, "percent_statements_covered_display": "0"}, "missing_lines": [57, 58, 60, 61, 62, 63, 64, 65, 66], "excluded_lines": []}, "FeedbackTracker._save_feedback_history": {"executed_lines": [], "summary": {"covered_lines": 0, "num_statements": 6, "percent_covered": 0.0, "percent_covered_display": "0", "missing_lines": 6, "excluded_lines": 0, "percent_statements_covered": 0.0, "percent_statements_covered_display": "0"}, "missing_lines": [70, 71, 72, 73, 74, 75], "excluded_lines": []}, "FeedbackTracker.categorize_feedback": {"executed_lines": [], "summary": {"covered_lines": 0, "num_statements": 13, "percent_covered": 0.0, "percent_covered_display": "0", "missing_lines": 13, "excluded_lines": 0, "percent_statements_covered": 0.0, "percent_statements_covered_display": "0"}, "missing_lines": [86, 87, 89, 90, 102, 112, 114, 115, 116, 118, 120, 121, 122], "excluded_lines": []}, "FeedbackTracker.add_feedback": {"executed_lines": [], "summary": {"covered_lines": 0, "num_statements": 4, "percent_covered": 0.0, "percent_covered_display": "0", "missing_lines": 4, "excluded_lines": 0, "percent_statements_covered": 0.0, "percent_statements_covered_display": "0"}, "missing_lines": [137, 139, 147, 148], "excluded_lines": []}, "FeedbackTracker.get_pattern_analysis": {"executed_lines": [], "summary": {"covered_lines": 0, "num_statements": 4, "percent_covered": 0.0, "percent_covered_display": "0", "missing_lines": 4, "excluded_lines": 0, "percent_statements_covered": 0.0, "percent_statements_covered_display": "0"}, "missing_lines": [156, 157, 158, 160], "excluded_lines": []}, "FeedbackTracker.detect_recurring_pattern": {"executed_lines": [], "summary": {"covered_lines": 0, "num_statements": 6, "percent_covered": 0.0, "percent_covered_display": "0", "missing_lines": 6, "excluded_lines": 0, "percent_statements_covered": 0.0, "percent_statements_covered_display": "0"}, "missing_lines": [171, 174, 175, 177, 183, 185], "excluded_lines": []}, "FeedbackTracker.get_recent_feedback_by_category": {"executed_lines": [], "summary": {"covered_lines": 0, "num_statements": 2, "percent_covered": 0.0, "percent_covered_display": "0", "missing_lines": 2, "excluded_lines": 0, "percent_statements_covered": 0.0, "percent_statements_covered_display": "0"}, "missing_lines": [197, 202], "excluded_lines": []}, "FeedbackTracker.clear_category": {"executed_lines": [], "summary": {"covered_lines": 0, "num_statements": 2, "percent_covered": 0.0, "percent_covered_display": "0", "missing_lines": 2, "excluded_lines": 0, "percent_statements_covered": 0.0, "percent_statements_covered_display": "0"}, "missing_lines": [212, 217], "excluded_lines": []}, "": {"executed_lines": [], "summary": {"covered_lines": 0, "num_statements": 30, "percent_covered": 0.0, "percent_covered_display": "0", "missing_lines": 30, "excluded_lines": 0, "percent_statements_covered": 0.0, "percent_statements_covered_display": "0"}, "missing_lines": [3, 4, 5, 6, 7, 8, 9, 11, 12, 15, 18, 19, 21, 22, 23, 24, 25, 27, 30, 31, 35, 38, 55, 68, 77, 124, 150, 162, 187, 204], "excluded_lines": []}}, "classes": {"FeedbackEntry": {"executed_lines": [], "summary": {"covered_lines": 0, "num_statements": 2, "percent_covered": 0.0, "percent_covered_display": "0", "missing_lines": 2, "excluded_lines": 0, "percent_statements_covered": 0.0, "percent_statements_covered_display": "0"}, "missing_lines": [28, 32], "excluded_lines": []}, "FeedbackTracker": {"executed_lines": [], "summary": {"covered_lines": 0, "num_statements": 53, "percent_covered": 0.0, "percent_covered_display": "0", "missing_lines": 53, "excluded_lines": 0, "percent_statements_covered": 0.0, "percent_statements_covered_display": "0"}, "missing_lines": [44, 45, 46, 48, 49, 52, 53, 57, 58, 60, 61, 62, 63, 64, 65, 66, 70, 71, 72, 73, 74, 75, 86, 87, 89, 90, 102, 112, 114, 115, 116, 118, 120, 121, 122, 137, 139, 147, 148, 156, 157, 158, 160, 171, 174, 175, 177, 183, 185, 197, 202, 212, 217], "excluded_lines": []}, "": {"executed_lines": [], "summary": {"covered_lines": 0, "num_statements": 30, "percent_covered": 0.0, "percent_covered_display": "0", "missing_lines": 30, "excluded_lines": 0, "percent_statements_covered": 0.0, "percent_statements_covered_display": "0"}, "missing_lines": [3, 4, 5, 6, 7, 8, 9, 11, 12, 15, 18, 19, 21, 22, 23, 24, 25, 27, 30, 31, 35, 38, 55, 68, 77, 124, 150, 162, 187, 204], "excluded_lines": []}}}, "src/cover_letter_generator/generator.py": {"executed_lines": [1, 3, 4, 7, 8, 9, 11, 12, 13, 14, 15, 16, 17, 18, 20, 21, 22, 23, 26, 29, 32, 35, 36, 46, 49, 56, 57, 58, 61, 62, 63, 64, 65, 66, 68, 76, 79, 80, 86, 87, 88, 89, 93, 96, 97, 101, 102, 104, 110, 111, 116, 117, 125, 126, 128, 131, 132, 134, 135, 136, 138, 140, 141, 143, 146, 147, 151, 153, 154, 156, 157, 158, 161, 166, 169, 170, 172, 175, 177, 187, 190, 199, 207, 208, 217, 218, 240, 242, 244, 247, 250, 251, 252, 253, 256, 257, 260, 261, 262, 263, 264, 265, 267, 269, 286, 444, 455, 459, 461, 462, 473, 474, 476, 484, 486, 488, 500, 522, 523, 524, 527, 528, 532, 533, 540, 545, 549, 550, 552, 553, 559, 569, 570, 573, 575, 576, 583, 589, 590, 591, 594, 595, 598, 599, 601, 607, 609, 610, 617, 620, 624, 627, 628, 633, 641, 643, 644, 645, 646, 647, 649, 656, 658, 680, 681, 682, 683, 686, 689, 693, 702, 717, 718, 720, 727, 732, 734, 739, 741, 863, 873, 875, 879, 880, 881, 884, 885, 893], "summary": {"covered_lines": 186, "num_statements": 346, "percent_covered": 53.75722543352601, "percent_covered_display": "54", "missing_lines": 160, "excluded_lines": 0, "percent_statements_covered": 53.75722543352601, "percent_statements_covered_display": "54"}, "missing_lines": [91, 105, 118, 119, 127, 137, 142, 162, 164, 167, 224, 233, 234, 254, 255, 279, 305, 306, 309, 310, 312, 313, 315, 318, 320, 322, 325, 326, 329, 330, 331, 336, 337, 342, 343, 344, 345, 348, 349, 350, 351, 356, 357, 362, 363, 364, 366, 369, 370, 371, 372, 377, 378, 383, 384, 385, 386, 388, 391, 392, 393, 394, 395, 396, 399, 401, 404, 405, 406, 407, 408, 409, 410, 411, 414, 415, 418, 420, 421, 424, 425, 426, 428, 431, 432, 434, 435, 437, 439, 440, 442, 457, 458, 463, 465, 466, 469, 470, 471, 494, 541, 542, 554, 555, 556, 585, 586, 596, 621, 629, 630, 631, 634, 635, 636, 638, 639, 690, 729, 730, 764, 767, 768, 771, 775, 776, 779, 782, 792, 793, 794, 795, 797, 799, 804, 806, 807, 818, 819, 820, 821, 822, 823, 828, 830, 831, 833, 840, 849, 850, 853, 854, 860, 861, 877, 895, 903, 904, 905, 906], "excluded_lines": [], "functions": {"CoverLetterGenerator.__init__": {"executed_lines": [76, 79, 80, 86, 87, 88, 89, 93, 96, 97, 101, 102, 104, 110, 111, 116, 117, 125, 126, 128, 131, 132, 134, 135, 136, 138, 140, 141, 143, 146, 147, 151, 153, 154, 156, 157, 158, 161, 166, 169, 170, 172, 175], "summary": {"covered_lines": 43, "num_statements": 53, "percent_covered": 81.13207547169812, "percent_covered_display": "81", "missing_lines": 10, "excluded_lines": 0, "percent_statements_covered": 81.13207547169812, "percent_statements_covered_display": "81"}, "missing_lines": [91, 105, 118, 119, 127, 137, 142, 162, 164, 167], "excluded_lines": []}, "CoverLetterGenerator._prepare_system_prompt": {"executed_lines": [187, 190], "summary": {"covered_lines": 2, "num_statements": 2, "percent_covered": 100.0, "percent_covered_display": "100", "missing_lines": 0, "excluded_lines": 0, "percent_statements_covered": 100.0, "percent_statements_covered_display": "100"}, "missing_lines": [], "excluded_lines": []}, "CoverLetterGenerator._call_llm": {"executed_lines": [207, 208, 217, 218, 240], "summary": {"covered_lines": 5, "num_statements": 8, "percent_covered": 62.5, "percent_covered_display": "62", "missing_lines": 3, "excluded_lines": 0, "percent_statements_covered": 62.5, "percent_statements_covered_display": "62"}, "missing_lines": [224, 233, 234], "excluded_lines": []}, "CoverLetterGenerator._load_leadership_philosophy": {"executed_lines": [244, 247, 250, 251, 252, 253, 256, 257, 260, 261, 262, 263, 264, 265, 267], "summary": {"covered_lines": 15, "num_statements": 17, "percent_covered": 88.23529411764706, "percent_covered_display": "88", "missing_lines": 2, "excluded_lines": 0, "percent_statements_covered": 88.23529411764706, "percent_statements_covered_display": "88"}, "missing_lines": [254, 255], "excluded_lines": []}, "CoverLetterGenerator.analyze_job_posting": {"executed_lines": [], "summary": {"covered_lines": 0, "num_statements": 1, "percent_covered": 0.0, "percent_covered_display": "0", "missing_lines": 1, "excluded_lines": 0, "percent_statements_covered": 0.0, "percent_statements_covered_display": "0"}, "missing_lines": [279], "excluded_lines": []}, "CoverLetterGenerator.get_relevant_context": {"executed_lines": [], "summary": {"covered_lines": 0, "num_statements": 75, "percent_covered": 0.0, "percent_covered_display": "0", "missing_lines": 75, "excluded_lines": 0, "percent_statements_covered": 0.0, "percent_statements_covered_display": "0"}, "missing_lines": [305, 306, 309, 310, 312, 313, 315, 318, 320, 322, 325, 326, 329, 330, 331, 336, 337, 342, 343, 344, 345, 348, 349, 350, 351, 356, 357, 362, 363, 364, 366, 369, 370, 371, 372, 377, 378, 383, 384, 385, 386, 388, 391, 392, 393, 394, 395, 396, 399, 401, 404, 405, 406, 407, 408, 409, 410, 411, 414, 415, 418, 420, 421, 424, 425, 426, 428, 431, 432, 434, 435, 437, 439, 440, 442], "excluded_lines": []}, "CoverLetterGenerator._track_api_cost": {"executed_lines": [455, 459, 461, 462, 473, 474, 476, 484, 486], "summary": {"covered_lines": 9, "num_statements": 17, "percent_covered": 52.94117647058823, "percent_covered_display": "53", "missing_lines": 8, "excluded_lines": 0, "percent_statements_covered": 52.94117647058823, "percent_statements_covered_display": "53"}, "missing_lines": [457, 458, 463, 465, 466, 469, 470, 471], "excluded_lines": []}, "CoverLetterGenerator.get_cost_summary": {"executed_lines": [], "summary": {"covered_lines": 0, "num_statements": 1, "percent_covered": 0.0, "percent_covered_display": "0", "missing_lines": 1, "excluded_lines": 0, "percent_statements_covered": 0.0, "percent_statements_covered_display": "0"}, "missing_lines": [494], "excluded_lines": []}, "CoverLetterGenerator.generate_cover_letter": {"executed_lines": [522, 523, 524, 527, 528, 532, 533, 540, 545, 549, 550, 552, 553, 559, 569, 570, 573, 575, 576, 583, 589, 590, 591, 594, 595, 598, 599, 601, 607, 609, 610, 617, 620, 624, 627, 628, 633, 641, 643, 644, 645, 646, 647, 649, 656], "summary": {"covered_lines": 45, "num_statements": 62, "percent_covered": 72.58064516129032, "percent_covered_display": "73", "missing_lines": 17, "excluded_lines": 0, "percent_statements_covered": 72.58064516129032, "percent_statements_covered_display": "73"}, "missing_lines": [541, 542, 554, 555, 556, 585, 586, 596, 621, 629, 630, 631, 634, 635, 636, 638, 639], "excluded_lines": []}, "CoverLetterGenerator.revise_cover_letter": {"executed_lines": [680, 681, 682, 683, 686, 689, 693, 702, 717, 718, 720, 727, 732, 734, 739], "summary": {"covered_lines": 15, "num_statements": 18, "percent_covered": 83.33333333333333, "percent_covered_display": "83", "missing_lines": 3, "excluded_lines": 0, "percent_statements_covered": 83.33333333333333, "percent_statements_covered_display": "83"}, "missing_lines": [690, 729, 730], "excluded_lines": []}, "CoverLetterGenerator.revise_cover_letter_stream": {"executed_lines": [], "summary": {"covered_lines": 0, "num_statements": 34, "percent_covered": 0.0, "percent_covered_display": "0", "missing_lines": 34, "excluded_lines": 0, "percent_statements_covered": 0.0, "percent_statements_covered_display": "0"}, "missing_lines": [764, 767, 768, 771, 775, 776, 779, 782, 792, 793, 794, 795, 797, 799, 804, 806, 807, 818, 819, 820, 821, 822, 823, 828, 830, 831, 833, 840, 849, 850, 853, 854, 860, 861], "excluded_lines": []}, "CoverLetterGenerator._preprocess_context": {"executed_lines": [873, 875, 879, 880, 881, 884, 885, 893], "summary": {"covered_lines": 8, "num_statements": 14, "percent_covered": 57.142857142857146, "percent_covered_display": "57", "missing_lines": 6, "excluded_lines": 0, "percent_statements_covered": 57.142857142857146, "percent_statements_covered_display": "57"}, "missing_lines": [877, 895, 903, 904, 905, 906], "excluded_lines": []}, "": {"executed_lines": [1, 3, 4, 7, 8, 9, 11, 12, 13, 14, 15, 16, 17, 18, 20, 21, 22, 23, 26, 29, 32, 35, 36, 46, 49, 56, 57, 58, 61, 62, 63, 64, 65, 66, 68, 177, 199, 242, 269, 286, 444, 488, 500, 658, 741, 863], "summary": {"covered_lines": 44, "num_statements": 44, "percent_covered": 100.0, "percent_covered_display": "100", "missing_lines": 0, "excluded_lines": 0, "percent_statements_covered": 100.0, "percent_statements_covered_display": "100"}, "missing_lines": [], "excluded_lines": []}}, "classes": {"CoverLetterGenerator": {"executed_lines": [76, 79, 80, 86, 87, 88, 89, 93, 96, 97, 101, 102, 104, 110, 111, 116, 117, 125, 126, 128, 131, 132, 134, 135, 136, 138, 140, 141, 143, 146, 147, 151, 153, 154, 156, 157, 158, 161, 166, 169, 170, 172, 175, 187, 190, 207, 208, 217, 218, 240, 244, 247, 250, 251, 252, 253, 256, 257, 260, 261, 262, 263, 264, 265, 267, 455, 459, 461, 462, 473, 474, 476, 484, 486, 522, 523, 524, 527, 528, 532, 533, 540, 545, 549, 550, 552, 553, 559, 569, 570, 573, 575, 576, 583, 589, 590, 591, 594, 595, 598, 599, 601, 607, 609, 610, 617, 620, 624, 627, 628, 633, 641, 643, 644, 645, 646, 647, 649, 656, 680, 681, 682, 683, 686, 689, 693, 702, 717, 718, 720, 727, 732, 734, 739, 873, 875, 879, 880, 881, 884, 885, 893], "summary": {"covered_lines": 142, "num_statements": 302, "percent_covered": 47.019867549668874, "percent_covered_display": "47", "missing_lines": 160, "excluded_lines": 0, "percent_statements_covered": 47.019867549668874, "percent_statements_covered_display": "47"}, "missing_lines": [91, 105, 118, 119, 127, 137, 142, 162, 164, 167, 224, 233, 234, 254, 255, 279, 305, 306, 309, 310, 312, 313, 315, 318, 320, 322, 325, 326, 329, 330, 331, 336, 337, 342, 343, 344, 345, 348, 349, 350, 351, 356, 357, 362, 363, 364, 366, 369, 370, 371, 372, 377, 378, 383, 384, 385, 386, 388, 391, 392, 393, 394, 395, 396, 399, 401, 404, 405, 406, 407, 408, 409, 410, 411, 414, 415, 418, 420, 421, 424, 425, 426, 428, 431, 432, 434, 435, 437, 439, 440, 442, 457, 458, 463, 465, 466, 469, 470, 471, 494, 541, 542, 554, 555, 556, 585, 586, 596, 621, 629, 630, 631, 634, 635, 636, 638, 639, 690, 729, 730, 764, 767, 768, 771, 775, 776, 779, 782, 792, 793, 794, 795, 797, 799, 804, 806, 807, 818, 819, 820, 821, 822, 823, 828, 830, 831, 833, 840, 849, 850, 853, 854, 860, 861, 877, 895, 903, 904, 905, 906], "excluded_lines": []}, "": {"executed_lines": [1, 3, 4, 7, 8, 9, 11, 12, 13, 14, 15, 16, 17, 18, 20, 21, 22, 23, 26, 29, 32, 35, 36, 46, 49, 56, 57, 58, 61, 62, 63, 64, 65, 66, 68, 177, 199, 242, 269, 286, 444, 488, 500, 658, 741, 863], "summary": {"covered_lines": 44, "num_statements": 44, "percent_covered": 100.0, "percent_covered_display": "100", "missing_lines": 0, "excluded_lines": 0, "percent_statements_covered": 100.0, "percent_statements_covered_display": "100"}, "missing_lines": [], "excluded_lines": []}}}, "src/cover_letter_generator/job_parser.py": {"executed_lines": [1, 3, 4, 5, 6, 8, 9, 10, 11, 14, 17, 18, 19, 20, 21, 22, 23, 25, 29, 51, 160, 176, 179, 181, 184, 240, 401, 516, 525, 532], "summary": {"covered_lines": 28, "num_statements": 222, "percent_covered": 12.612612612612613, "percent_covered_display": "13", "missing_lines": 194, "excluded_lines": 0, "percent_statements_covered": 12.612612612612613, "percent_statements_covered_display": "13"}, "missing_lines": [26, 39, 40, 43, 44, 45, 46, 47, 48, 61, 62, 65, 66, 67, 68, 69, 70, 71, 72, 73, 75, 76, 77, 78, 80, 92, 101, 104, 105, 108, 118, 119, 120, 121, 123, 124, 125, 126, 127, 130, 133, 134, 136, 140, 141, 142, 143, 144, 145, 146, 147, 148, 149, 151, 152, 153, 154, 155, 156, 157, 193, 196, 197, 198, 199, 200, 202, 204, 205, 207, 208, 211, 220, 221, 223, 226, 227, 230, 233, 234, 235, 237, 250, 251, 252, 253, 255, 256, 259, 260, 261, 262, 263, 266, 268, 310, 320, 323, 324, 325, 327, 328, 329, 330, 331, 332, 333, 334, 335, 336, 339, 340, 341, 342, 343, 344, 350, 351, 352, 354, 356, 357, 358, 362, 368, 376, 377, 380, 383, 384, 385, 386, 387, 389, 396, 397, 398, 410, 413, 425, 427, 428, 429, 430, 431, 432, 433, 434, 435, 436, 439, 440, 441, 443, 446, 449, 450, 453, 463, 465, 466, 467, 468, 469, 470, 471, 472, 473, 476, 477, 478, 479, 480, 481, 484, 486, 487, 488, 490, 493, 496, 497, 499, 500, 502, 503, 504, 505, 507, 508, 509, 510, 511, 513], "excluded_lines": [], "functions": {"JobPosting.__str__": {"executed_lines": [], "summary": {"covered_lines": 0, "num_statements": 1, "percent_covered": 0.0, "percent_covered_display": "0", "missing_lines": 1, "excluded_lines": 0, "percent_statements_covered": 0.0, "percent_statements_covered_display": "0"}, "missing_lines": [26], "excluded_lines": []}, "fetch_webpage": {"executed_lines": [], "summary": {"covered_lines": 0, "num_statements": 8, "percent_covered": 0.0, "percent_covered_display": "0", "missing_lines": 8, "excluded_lines": 0, "percent_statements_covered": 0.0, "percent_statements_covered_display": "0"}, "missing_lines": [39, 40, 43, 44, 45, 46, 47, 48], "excluded_lines": []}, "fetch_webpage_with_playwright": {"executed_lines": [], "summary": {"covered_lines": 0, "num_statements": 51, "percent_covered": 0.0, "percent_covered_display": "0", "missing_lines": 51, "excluded_lines": 0, "percent_statements_covered": 0.0, "percent_statements_covered_display": "0"}, "missing_lines": [61, 62, 65, 66, 67, 68, 69, 70, 71, 72, 73, 75, 76, 77, 78, 80, 92, 101, 104, 105, 108, 118, 119, 120, 121, 123, 124, 125, 126, 127, 130, 133, 134, 136, 140, 141, 142, 143, 144, 145, 146, 147, 148, 149, 151, 152, 153, 154, 155, 156, 157], "excluded_lines": []}, "clean_job_title": {"executed_lines": [176, 179, 181], "summary": {"covered_lines": 3, "num_statements": 3, "percent_covered": 100.0, "percent_covered_display": "100", "missing_lines": 0, "excluded_lines": 0, "percent_statements_covered": 100.0, "percent_statements_covered_display": "100"}, "missing_lines": [], "excluded_lines": []}, "extract_text_from_html": {"executed_lines": [], "summary": {"covered_lines": 0, "num_statements": 22, "percent_covered": 0.0, "percent_covered_display": "0", "missing_lines": 22, "excluded_lines": 0, "percent_statements_covered": 0.0, "percent_statements_covered_display": "0"}, "missing_lines": [193, 196, 197, 198, 199, 200, 202, 204, 205, 207, 208, 211, 220, 221, 223, 226, 227, 230, 233, 234, 235, 237], "excluded_lines": []}, "parse_job_posting_with_llm": {"executed_lines": [], "summary": {"covered_lines": 0, "num_statements": 55, "percent_covered": 0.0, "percent_covered_display": "0", "missing_lines": 55, "excluded_lines": 0, "percent_statements_covered": 0.0, "percent_statements_covered_display": "0"}, "missing_lines": [250, 251, 252, 253, 255, 256, 259, 260, 261, 262, 263, 266, 268, 310, 320, 323, 324, 325, 327, 328, 329, 330, 331, 332, 333, 334, 335, 336, 339, 340, 341, 342, 343, 344, 350, 351, 352, 354, 356, 357, 358, 362, 368, 376, 377, 380, 383, 384, 385, 386, 387, 389, 396, 397, 398], "excluded_lines": []}, "parse_job_from_url": {"executed_lines": [], "summary": {"covered_lines": 0, "num_statements": 57, "percent_covered": 0.0, "percent_covered_display": "0", "missing_lines": 57, "excluded_lines": 0, "percent_statements_covered": 0.0, "percent_statements_covered_display": "0"}, "missing_lines": [410, 413, 425, 427, 428, 429, 430, 431, 432, 433, 434, 435, 436, 439, 440, 441, 443, 446, 449, 450, 453, 463, 465, 466, 467, 468, 469, 470, 471, 472, 473, 476, 477, 478, 479, 480, 481, 484, 486, 487, 488, 490, 493, 496, 497, 499, 500, 502, 503, 504, 505, 507, 508, 509, 510, 511, 513], "excluded_lines": []}, "is_valid_url": {"executed_lines": [525, 532], "summary": {"covered_lines": 2, "num_statements": 2, "percent_covered": 100.0, "percent_covered_display": "100", "missing_lines": 0, "excluded_lines": 0, "percent_statements_covered": 100.0, "percent_statements_covered_display": "100"}, "missing_lines": [], "excluded_lines": []}, "": {"executed_lines": [1, 3, 4, 5, 6, 8, 9, 10, 11, 14, 17, 18, 19, 20, 21, 22, 23, 25, 29, 51, 160, 184, 240, 401, 516], "summary": {"covered_lines": 23, "num_statements": 23, "percent_covered": 100.0, "percent_covered_display": "100", "missing_lines": 0, "excluded_lines": 0, "percent_statements_covered": 100.0, "percent_statements_covered_display": "100"}, "missing_lines": [], "excluded_lines": []}}, "classes": {"JobPosting": {"executed_lines": [], "summary": {"covered_lines": 0, "num_statements": 1, "percent_covered": 0.0, "percent_covered_display": "0", "missing_lines": 1, "excluded_lines": 0, "percent_statements_covered": 0.0, "percent_statements_covered_display": "0"}, "missing_lines": [26], "excluded_lines": []}, "": {"executed_lines": [1, 3, 4, 5, 6, 8, 9, 10, 11, 14, 17, 18, 19, 20, 21, 22, 23, 25, 29, 51, 160, 176, 179, 181, 184, 240, 401, 516, 525, 532], "summary": {"covered_lines": 28, "num_statements": 221, "percent_covered": 12.669683257918551, "percent_covered_display": "13", "missing_lines": 193, "excluded_lines": 0, "percent_statements_covered": 12.669683257918551, "percent_statements_covered_display": "13"}, "missing_lines": [39, 40, 43, 44, 45, 46, 47, 48, 61, 62, 65, 66, 67, 68, 69, 70, 71, 72, 73, 75, 76, 77, 78, 80, 92, 101, 104, 105, 108, 118, 119, 120, 121, 123, 124, 125, 126, 127, 130, 133, 134, 136, 140, 141, 142, 143, 144, 145, 146, 147, 148, 149, 151, 152, 153, 154, 155, 156, 157, 193, 196, 197, 198, 199, 200, 202, 204, 205, 207, 208, 211, 220, 221, 223, 226, 227, 230, 233, 234, 235, 237, 250, 251, 252, 253, 255, 256, 259, 260, 261, 262, 263, 266, 268, 310, 320, 323, 324, 325, 327, 328, 329, 330, 331, 332, 333, 334, 335, 336, 339, 340, 341, 342, 343, 344, 350, 351, 352, 354, 356, 357, 358, 362, 368, 376, 377, 380, 383, 384, 385, 386, 387, 389, 396, 397, 398, 410, 413, 425, 427, 428, 429, 430, 431, 432, 433, 434, 435, 436, 439, 440, 441, 443, 446, 449, 450, 453, 463, 465, 466, 467, 468, 469, 470, 471, 472, 473, 476, 477, 478, 479, 480, 481, 484, 486, 487, 488, 490, 493, 496, 497, 499, 500, 502, 503, 504, 505, 507, 508, 509, 510, 511, 513], "excluded_lines": []}}}, "src/cover_letter_generator/job_tracker.py": {"executed_lines": [], "summary": {"covered_lines": 0, "num_statements": 78, "percent_covered": 0.0, "percent_covered_display": "0", "missing_lines": 78, "excluded_lines": 0, "percent_statements_covered": 0.0, "percent_statements_covered_display": "0"}, "missing_lines": [3, 4, 5, 6, 8, 9, 10, 13, 16, 26, 29, 32, 39, 40, 42, 43, 49, 51, 52, 57, 58, 63, 65, 85, 87, 88, 90, 91, 92, 95, 96, 99, 104, 105, 106, 109, 114, 119, 127, 128, 129, 130, 132, 134, 135, 136, 137, 138, 139, 140, 142, 151, 153, 154, 155, 156, 158, 168, 170, 171, 173, 174, 177, 181, 184, 185, 189, 195, 198, 199, 200, 202, 204, 205, 207, 209, 210, 211], "excluded_lines": [], "functions": {"escape_formula_string": {"executed_lines": [], "summary": {"covered_lines": 0, "num_statements": 1, "percent_covered": 0.0, "percent_covered_display": "0", "missing_lines": 1, "excluded_lines": 0, "percent_statements_covered": 0.0, "percent_statements_covered_display": "0"}, "missing_lines": [26], "excluded_lines": []}, "JobTracker.__init__": {"executed_lines": [], "summary": {"covered_lines": 0, "num_statements": 10, "percent_covered": 0.0, "percent_covered_display": "0", "missing_lines": 10, "excluded_lines": 0, "percent_statements_covered": 0.0, "percent_statements_covered_display": "0"}, "missing_lines": [39, 40, 42, 43, 49, 51, 52, 57, 58, 63], "excluded_lines": []}, "JobTracker.add_job_application": {"executed_lines": [], "summary": {"covered_lines": 0, "num_statements": 27, "percent_covered": 0.0, "percent_covered_display": "0", "missing_lines": 27, "excluded_lines": 0, "percent_statements_covered": 0.0, "percent_statements_covered_display": "0"}, "missing_lines": [85, 87, 88, 90, 91, 92, 95, 96, 99, 104, 105, 106, 109, 114, 119, 127, 128, 129, 130, 132, 134, 135, 136, 137, 138, 139, 140], "excluded_lines": []}, "JobTracker.get_spreadsheet_id_from_url": {"executed_lines": [], "summary": {"covered_lines": 0, "num_statements": 5, "percent_covered": 0.0, "percent_covered_display": "0", "missing_lines": 5, "excluded_lines": 0, "percent_statements_covered": 0.0, "percent_statements_covered_display": "0"}, "missing_lines": [151, 153, 154, 155, 156], "excluded_lines": []}, "JobTracker.check_duplicate": {"executed_lines": [], "summary": {"covered_lines": 0, "num_statements": 21, "percent_covered": 0.0, "percent_covered_display": "0", "missing_lines": 21, "excluded_lines": 0, "percent_statements_covered": 0.0, "percent_statements_covered_display": "0"}, "missing_lines": [168, 170, 171, 173, 174, 177, 181, 184, 185, 189, 195, 198, 199, 200, 202, 204, 205, 207, 209, 210, 211], "excluded_lines": []}, "": {"executed_lines": [], "summary": {"covered_lines": 0, "num_statements": 14, "percent_covered": 0.0, "percent_covered_display": "0", "missing_lines": 14, "excluded_lines": 0, "percent_statements_covered": 0.0, "percent_statements_covered_display": "0"}, "missing_lines": [3, 4, 5, 6, 8, 9, 10, 13, 16, 29, 32, 65, 142, 158], "excluded_lines": []}}, "classes": {"JobTracker": {"executed_lines": [], "summary": {"covered_lines": 0, "num_statements": 63, "percent_covered": 0.0, "percent_covered_display": "0", "missing_lines": 63, "excluded_lines": 0, "percent_statements_covered": 0.0, "percent_statements_covered_display": "0"}, "missing_lines": [39, 40, 42, 43, 49, 51, 52, 57, 58, 63, 85, 87, 88, 90, 91, 92, 95, 96, 99, 104, 105, 106, 109, 114, 119, 127, 128, 129, 130, 132, 134, 135, 136, 137, 138, 139, 140, 151, 153, 154, 155, 156, 168, 170, 171, 173, 174, 177, 181, 184, 185, 189, 195, 198, 199, 200, 202, 204, 205, 207, 209, 210, 211], "excluded_lines": []}, "": {"executed_lines": [], "summary": {"covered_lines": 0, "num_statements": 15, "percent_covered": 0.0, "percent_covered_display": "0", "missing_lines": 15, "excluded_lines": 0, "percent_statements_covered": 0.0, "percent_statements_covered_display": "0"}, "missing_lines": [3, 4, 5, 6, 8, 9, 10, 13, 16, 26, 29, 32, 65, 142, 158], "excluded_lines": []}}}, "src/cover_letter_generator/logging_config.py": {"executed_lines": [1, 3, 4, 5, 6, 9, 74, 83, 87, 103, 116], "summary": {"covered_lines": 10, "num_statements": 41, "percent_covered": 24.390243902439025, "percent_covered_display": "24", "missing_lines": 31, "excluded_lines": 0, "percent_statements_covered": 24.390243902439025, "percent_statements_covered_display": "24"}, "missing_lines": [25, 28, 29, 31, 34, 37, 39, 41, 47, 49, 50, 53, 54, 56, 58, 59, 63, 64, 65, 66, 69, 71, 97, 98, 99, 110, 111, 112, 123, 124, 125], "excluded_lines": [], "functions": {"setup_logging": {"executed_lines": [], "summary": {"covered_lines": 0, "num_statements": 22, "percent_covered": 0.0, "percent_covered_display": "0", "missing_lines": 22, "excluded_lines": 0, "percent_statements_covered": 0.0, "percent_statements_covered_display": "0"}, "missing_lines": [25, 28, 29, 31, 34, 37, 39, 41, 47, 49, 50, 53, 54, 56, 58, 59, 63, 64, 65, 66, 69, 71], "excluded_lines": []}, "get_logger": {"executed_lines": [83], "summary": {"covered_lines": 1, "num_statements": 1, "percent_covered": 100.0, "percent_covered_display": "100", "missing_lines": 0, "excluded_lines": 0, "percent_statements_covered": 100.0, "percent_statements_covered_display": "100"}, "missing_lines": [], "excluded_lines": []}, "user_message": {"executed_lines": [], "summary": {"covered_lines": 0, "num_statements": 3, "percent_covered": 0.0, "percent_covered_display": "0", "missing_lines": 3, "excluded_lines": 0, "percent_statements_covered": 0.0, "percent_statements_covered_display": "0"}, "missing_lines": [97, 98, 99], "excluded_lines": []}, "user_warning": {"executed_lines": [], "summary": {"covered_lines": 0, "num_statements": 3, "percent_covered": 0.0, "percent_covered_display": "0", "missing_lines": 3, "excluded_lines": 0, "percent_statements_covered": 0.0, "percent_statements_covered_display": "0"}, "missing_lines": [110, 111, 112], "excluded_lines": []}, "user_error": {"executed_lines": [], "summary": {"covered_lines": 0, "num_statements": 3, "percent_covered": 0.0, "percent_covered_display": "0", "missing_lines": 3, "excluded_lines": 0, "percent_statements_covered": 0.0, "percent_statements_covered_display": "0"}, "missing_lines": [123, 124, 125], "excluded_lines": []}, "": {"executed_lines": [1, 3, 4, 5, 6, 9, 74, 87, 103, 116], "summary": {"covered_lines": 9, "num_statements": 9, "percent_covered": 100.0, "percent_covered_display": "100", "missing_lines": 0, "excluded_lines": 0, "percent_statements_covered": 100.0, "percent_statements_covered_display": "100"}, "missing_lines": [], "excluded_lines": []}}, "classes": {"": {"executed_lines": [1, 3, 4, 5, 6, 9, 74, 83, 87, 103, 116], "summary": {"covered_lines": 10, "num_statements": 41, "percent_covered": 24.390243902439025, "percent_covered_display": "24", "missing_lines": 31, "excluded_lines": 0, "percent_statements_covered": 24.390243902439025, "percent_statements_covered_display": "24"}, "missing_lines": [25, 28, 29, 31, 34, 37, 39, 41, 47, 49, 50, 53, 54, 56, 58, 59, 63, 64, 65, 66, 69, 71, 97, 98, 99, 110, 111, 112, 123, 124, 125], "excluded_lines": []}}}, "src/cover_letter_generator/pdf_generator.py": {"executed_lines": [], "summary": {"covered_lines": 0, "num_statements": 68, "percent_covered": 0.0, "percent_covered_display": "0", "missing_lines": 68, "excluded_lines": 0, "percent_statements_covered": 0.0, "percent_statements_covered_display": "0"}, "missing_lines": [8, 9, 10, 11, 13, 14, 15, 16, 17, 18, 21, 24, 40, 50, 53, 56, 66, 76, 87, 88, 89, 90, 91, 92, 93, 96, 105, 108, 109, 110, 111, 112, 113, 114, 116, 117, 120, 121, 122, 123, 124, 126, 127, 129, 132, 133, 134, 137, 139, 140, 142, 145, 146, 147, 149, 150, 151, 153, 156, 158, 161, 178, 179, 181, 182, 183, 185, 187], "excluded_lines": [], "functions": {"create_cover_letter_pdf": {"executed_lines": [], "summary": {"covered_lines": 0, "num_statements": 48, "percent_covered": 0.0, "percent_covered_display": "0", "missing_lines": 48, "excluded_lines": 0, "percent_statements_covered": 0.0, "percent_statements_covered_display": "0"}, "missing_lines": [40, 50, 53, 56, 66, 76, 87, 88, 89, 90, 91, 92, 93, 96, 105, 108, 109, 110, 111, 112, 113, 114, 116, 117, 120, 121, 122, 123, 124, 126, 127, 129, 132, 133, 134, 137, 139, 140, 142, 145, 146, 147, 149, 150, 151, 153, 156, 158], "excluded_lines": []}, "generate_cover_letter_pdf": {"executed_lines": [], "summary": {"covered_lines": 0, "num_statements": 7, "percent_covered": 0.0, "percent_covered_display": "0", "missing_lines": 7, "excluded_lines": 0, "percent_statements_covered": 0.0, "percent_statements_covered_display": "0"}, "missing_lines": [178, 179, 181, 182, 183, 185, 187], "excluded_lines": []}, "": {"executed_lines": [], "summary": {"covered_lines": 0, "num_statements": 13, "percent_covered": 0.0, "percent_covered_display": "0", "missing_lines": 13, "excluded_lines": 0, "percent_statements_covered": 0.0, "percent_statements_covered_display": "0"}, "missing_lines": [8, 9, 10, 11, 13, 14, 15, 16, 17, 18, 21, 24, 161], "excluded_lines": []}}, "classes": {"": {"executed_lines": [], "summary": {"covered_lines": 0, "num_statements": 68, "percent_covered": 0.0, "percent_covered_display": "0", "missing_lines": 68, "excluded_lines": 0, "percent_statements_covered": 0.0, "percent_statements_covered_display": "0"}, "missing_lines": [8, 9, 10, 11, 13, 14, 15, 16, 17, 18, 21, 24, 40, 50, 53, 56, 66, 76, 87, 88, 89, 90, 91, 92, 93, 96, 105, 108, 109, 110, 111, 112, 113, 114, 116, 117, 120, 121, 122, 123, 124, 126, 127, 129, 132, 133, 134, 137, 139, 140, 142, 145, 146, 147, 149, 150, 151, 153, 156, 158, 161, 178, 179, 181, 182, 183, 185, 187], "excluded_lines": []}}}, "src/cover_letter_generator/pdf_generator_template.py": {"executed_lines": [1, 3, 4, 5, 6, 8, 10, 11, 12, 13, 14, 15, 16, 19, 144, 185], "summary": {"covered_lines": 15, "num_statements": 100, "percent_covered": 15.0, "percent_covered_display": "15", "missing_lines": 85, "excluded_lines": 0, "percent_statements_covered": 15.0, "percent_statements_covered_display": "15"}, "missing_lines": [31, 34, 37, 38, 39, 42, 55, 58, 69, 81, 93, 96, 97, 99, 101, 102, 103, 106, 107, 108, 111, 112, 113, 114, 115, 117, 118, 119, 121, 122, 125, 126, 127, 128, 130, 132, 135, 138, 139, 141, 160, 161, 164, 165, 168, 169, 170, 173, 176, 177, 179, 180, 182, 204, 206, 207, 209, 210, 211, 213, 215, 217, 219, 222, 223, 225, 228, 229, 230, 233, 234, 237, 238, 239, 240, 241, 243, 244, 250, 251, 252, 255, 256, 257, 259], "excluded_lines": [], "functions": {"create_text_overlay": {"executed_lines": [], "summary": {"covered_lines": 0, "num_statements": 40, "percent_covered": 0.0, "percent_covered_display": "0", "missing_lines": 40, "excluded_lines": 0, "percent_statements_covered": 0.0, "percent_statements_covered_display": "0"}, "missing_lines": [31, 34, 37, 38, 39, 42, 55, 58, 69, 81, 93, 96, 97, 99, 101, 102, 103, 106, 107, 108, 111, 112, 113, 114, 115, 117, 118, 119, 121, 122, 125, 126, 127, 128, 130, 132, 135, 138, 139, 141], "excluded_lines": []}, "generate_cover_letter_from_template": {"executed_lines": [], "summary": {"covered_lines": 0, "num_statements": 13, "percent_covered": 0.0, "percent_covered_display": "0", "missing_lines": 13, "excluded_lines": 0, "percent_statements_covered": 0.0, "percent_statements_covered_display": "0"}, "missing_lines": [160, 161, 164, 165, 168, 169, 170, 173, 176, 177, 179, 180, 182], "excluded_lines": []}, "generate_cover_letter_pdf": {"executed_lines": [], "summary": {"covered_lines": 0, "num_statements": 32, "percent_covered": 0.0, "percent_covered_display": "0", "missing_lines": 32, "excluded_lines": 0, "percent_statements_covered": 0.0, "percent_statements_covered_display": "0"}, "missing_lines": [204, 206, 207, 209, 210, 211, 213, 215, 217, 219, 222, 223, 225, 228, 229, 230, 233, 234, 237, 238, 239, 240, 241, 243, 244, 250, 251, 252, 255, 256, 257, 259], "excluded_lines": []}, "": {"executed_lines": [1, 3, 4, 5, 6, 8, 10, 11, 12, 13, 14, 15, 16, 19, 144, 185], "summary": {"covered_lines": 15, "num_statements": 15, "percent_covered": 100.0, "percent_covered_display": "100", "missing_lines": 0, "excluded_lines": 0, "percent_statements_covered": 100.0, "percent_statements_covered_display": "100"}, "missing_lines": [], "excluded_lines": []}}, "classes": {"": {"executed_lines": [1, 3, 4, 5, 6, 8, 10, 11, 12, 13, 14, 15, 16, 19, 144, 185], "summary": {"covered_lines": 15, "num_statements": 100, "percent_covered": 15.0, "percent_covered_display": "15", "missing_lines": 85, "excluded_lines": 0, "percent_statements_covered": 15.0, "percent_statements_covered_display": "15"}, "missing_lines": [31, 34, 37, 38, 39, 42, 55, 58, 69, 81, 93, 96, 97, 99, 101, 102, 103, 106, 107, 108, 111, 112, 113, 114, 115, 117, 118, 119, 121, 122, 125, 126, 127, 128, 130, 132, 135, 138, 139, 141, 160, 161, 164, 165, 168, 169, 170, 173, 176, 177, 179, 180, 182, 204, 206, 207, 209, 210, 211, 213, 215, 217, 219, 222, 223, 225, 228, 229, 230, 233, 234, 237, 238, 239, 240, 241, 243, 244, 250, 251, 252, 255, 256, 257, 259], "excluded_lines": []}}}, "src/cover_letter_generator/prepare_data.py": {"executed_lines": [1, 3, 4, 5, 6, 7, 8, 9, 12, 13, 14, 16, 17, 18, 19, 20, 21, 23, 26, 27, 30, 33, 34, 38, 41, 61, 88, 105, 106, 109, 111, 112, 113, 118, 120, 121, 122, 125, 128, 130, 131, 132, 134, 137, 138, 141, 142, 145, 147, 156, 157, 158, 159, 160, 161, 163, 164, 165, 167, 168, 171, 172, 173, 174, 175, 176, 178, 181, 221, 263, 303, 431, 654], "summary": {"covered_lines": 72, "num_statements": 303, "percent_covered": 23.762376237623762, "percent_covered_display": "24", "missing_lines": 231, "excluded_lines": 0, "percent_statements_covered": 23.762376237623762, "percent_statements_covered_display": "24"}, "missing_lines": [50, 51, 52, 53, 54, 55, 56, 57, 58, 70, 71, 72, 73, 74, 77, 78, 79, 80, 82, 83, 84, 85, 133, 148, 149, 150, 151, 152, 153, 162, 190, 191, 192, 193, 194, 196, 197, 206, 207, 215, 216, 218, 230, 231, 232, 233, 234, 235, 236, 237, 238, 241, 247, 257, 258, 260, 272, 275, 280, 281, 283, 285, 286, 288, 289, 290, 291, 292, 294, 295, 296, 297, 298, 300, 312, 315, 320, 321, 323, 325, 327, 328, 330, 331, 332, 333, 336, 338, 339, 340, 341, 349, 351, 355, 356, 364, 366, 367, 368, 377, 379, 383, 384, 394, 396, 397, 398, 406, 407, 411, 412, 421, 423, 424, 425, 426, 428, 433, 436, 437, 441, 442, 445, 446, 447, 448, 450, 451, 457, 463, 464, 465, 467, 469, 474, 475, 476, 478, 479, 480, 482, 483, 484, 488, 489, 490, 495, 496, 498, 504, 505, 508, 509, 510, 513, 514, 515, 516, 517, 520, 521, 525, 526, 528, 529, 537, 538, 541, 542, 547, 548, 550, 551, 552, 554, 555, 556, 559, 560, 561, 563, 566, 567, 568, 569, 571, 572, 573, 576, 577, 578, 579, 580, 583, 584, 588, 589, 591, 592, 600, 601, 604, 606, 607, 608, 609, 610, 613, 615, 616, 617, 618, 619, 621, 622, 623, 626, 627, 629, 630, 638, 639, 640, 645, 646, 647, 648, 649, 650, 651, 655], "excluded_lines": [], "functions": {"extract_text_from_pdf": {"executed_lines": [], "summary": {"covered_lines": 0, "num_statements": 9, "percent_covered": 0.0, "percent_covered_display": "0", "missing_lines": 9, "excluded_lines": 0, "percent_statements_covered": 0.0, "percent_statements_covered_display": "0"}, "missing_lines": [50, 51, 52, 53, 54, 55, 56, 57, 58], "excluded_lines": []}, "extract_text_from_docx": {"executed_lines": [], "summary": {"covered_lines": 0, "num_statements": 13, "percent_covered": 0.0, "percent_covered_display": "0", "missing_lines": 13, "excluded_lines": 0, "percent_statements_covered": 0.0, "percent_statements_covered_display": "0"}, "missing_lines": [70, 71, 72, 73, 74, 77, 78, 79, 80, 82, 83, 84, 85], "excluded_lines": []}, "chunk_text": {"executed_lines": [105, 106, 109, 111, 112, 113, 118, 120, 121, 122, 125, 128, 130, 131, 132, 134, 137, 138, 141, 142, 145, 147, 156, 157, 158, 159, 160, 161, 163, 164, 165, 167, 168, 171, 172, 173, 174, 175, 176, 178], "summary": {"covered_lines": 40, "num_statements": 48, "percent_covered": 83.33333333333333, "percent_covered_display": "83", "missing_lines": 8, "excluded_lines": 0, "percent_statements_covered": 83.33333333333333, "percent_statements_covered_display": "83"}, "missing_lines": [133, 148, 149, 150, 151, 152, 153, 162], "excluded_lines": []}, "process_linkedin_profile_csv": {"executed_lines": [], "summary": {"covered_lines": 0, "num_statements": 12, "percent_covered": 0.0, "percent_covered_display": "0", "missing_lines": 12, "excluded_lines": 0, "percent_statements_covered": 0.0, "percent_statements_covered_display": "0"}, "missing_lines": [190, 191, 192, 193, 194, 196, 197, 206, 207, 215, 216, 218], "excluded_lines": []}, "process_linkedin_recommendations_csv": {"executed_lines": [], "summary": {"covered_lines": 0, "num_statements": 14, "percent_covered": 0.0, "percent_covered_display": "0", "missing_lines": 14, "excluded_lines": 0, "percent_statements_covered": 0.0, "percent_statements_covered_display": "0"}, "missing_lines": [230, 231, 232, 233, 234, 235, 236, 237, 238, 241, 247, 257, 258, 260], "excluded_lines": []}, "process_csv_files": {"executed_lines": [], "summary": {"covered_lines": 0, "num_statements": 18, "percent_covered": 0.0, "percent_covered_display": "0", "missing_lines": 18, "excluded_lines": 0, "percent_statements_covered": 0.0, "percent_statements_covered_display": "0"}, "missing_lines": [272, 275, 280, 281, 283, 285, 286, 288, 289, 290, 291, 292, 294, 295, 296, 297, 298, 300], "excluded_lines": []}, "process_json_files": {"executed_lines": [], "summary": {"covered_lines": 0, "num_statements": 43, "percent_covered": 0.0, "percent_covered_display": "0", "missing_lines": 43, "excluded_lines": 0, "percent_statements_covered": 0.0, "percent_statements_covered_display": "0"}, "missing_lines": [312, 315, 320, 321, 323, 325, 327, 328, 330, 331, 332, 333, 336, 338, 339, 340, 341, 349, 351, 355, 356, 364, 366, 367, 368, 377, 379, 383, 384, 394, 396, 397, 398, 406, 407, 411, 412, 421, 423, 424, 425, 426, 428], "excluded_lines": []}, "main": {"executed_lines": [], "summary": {"covered_lines": 0, "num_statements": 113, "percent_covered": 0.0, "percent_covered_display": "0", "missing_lines": 113, "excluded_lines": 0, "percent_statements_covered": 0.0, "percent_statements_covered_display": "0"}, "missing_lines": [433, 436, 437, 441, 442, 445, 446, 447, 448, 450, 451, 457, 463, 464, 465, 467, 469, 474, 475, 476, 478, 479, 480, 482, 483, 484, 488, 489, 490, 495, 496, 498, 504, 505, 508, 509, 510, 513, 514, 515, 516, 517, 520, 521, 525, 526, 528, 529, 537, 538, 541, 542, 547, 548, 550, 551, 552, 554, 555, 556, 559, 560, 561, 563, 566, 567, 568, 569, 571, 572, 573, 576, 577, 578, 579, 580, 583, 584, 588, 589, 591, 592, 600, 601, 604, 606, 607, 608, 609, 610, 613, 615, 616, 617, 618, 619, 621, 622, 623, 626, 627, 629, 630, 638, 639, 640, 645, 646, 647, 648, 649, 650, 651], "excluded_lines": []}, "": {"executed_lines": [1, 3, 4, 5, 6, 7, 8, 9, 12, 13, 14, 16, 17, 18, 19, 20, 21, 23, 26, 27, 30, 33, 34, 38, 41, 61, 88, 181, 221, 263, 303, 431, 654], "summary": {"covered_lines": 32, "num_statements": 33, "percent_covered": 96.96969696969697, "percent_covered_display": "97", "missing_lines": 1, "excluded_lines": 0, "percent_statements_covered": 96.96969696969697, "percent_statements_covered_display": "97"}, "missing_lines": [655], "excluded_lines": []}}, "classes": {"": {"executed_lines": [1, 3, 4, 5, 6, 7, 8, 9, 12, 13, 14, 16, 17, 18, 19, 20, 21, 23, 26, 27, 30, 33, 34, 38, 41, 61, 88, 105, 106, 109, 111, 112, 113, 118, 120, 121, 122, 125, 128, 130, 131, 132, 134, 137, 138, 141, 142, 145, 147, 156, 157, 158, 159, 160, 161, 163, 164, 165, 167, 168, 171, 172, 173, 174, 175, 176, 178, 181, 221, 263, 303, 431, 654], "summary": {"covered_lines": 72, "num_statements": 303, "percent_covered": 23.762376237623762, "percent_covered_display": "24", "missing_lines": 231, "excluded_lines": 0, "percent_statements_covered": 23.762376237623762, "percent_statements_covered_display": "24"}, "missing_lines": [50, 51, 52, 53, 54, 55, 56, 57, 58, 70, 71, 72, 73, 74, 77, 78, 79, 80, 82, 83, 84, 85, 133, 148, 149, 150, 151, 152, 153, 162, 190, 191, 192, 193, 194, 196, 197, 206, 207, 215, 216, 218, 230, 231, 232, 233, 234, 235, 236, 237, 238, 241, 247, 257, 258, 260, 272, 275, 280, 281, 283, 285, 286, 288, 289, 290, 291, 292, 294, 295, 296, 297, 298, 300, 312, 315, 320, 321, 323, 325, 327, 328, 330, 331, 332, 333, 336, 338, 339, 340, 341, 349, 351, 355, 356, 364, 366, 367, 368, 377, 379, 383, 384, 394, 396, 397, 398, 406, 407, 411, 412, 421, 423, 424, 425, 426, 428, 433, 436, 437, 441, 442, 445, 446, 447, 448, 450, 451, 457, 463, 464, 465, 467, 469, 474, 475, 476, 478, 479, 480, 482, 483, 484, 488, 489, 490, 495, 496, 498, 504, 505, 508, 509, 510, 513, 514, 515, 516, 517, 520, 521, 525, 526, 528, 529, 537, 538, 541, 542, 547, 548, 550, 551, 552, 554, 555, 556, 559, 560, 561, 563, 566, 567, 568, 569, 571, 572, 573, 576, 577, 578, 579, 580, 583, 584, 588, 589, 591, 592, 600, 601, 604, 606, 607, 608, 609, 610, 613, 615, 616, 617, 618, 619, 621, 622, 623, 626, 627, 629, 630, 638, 639, 640, 645, 646, 647, 648, 649, 650, 651, 655], "excluded_lines": []}}}, "src/cover_letter_generator/scoring.py": {"executed_lines": [1, 3, 4, 6, 9, 10, 11, 12, 13, 14, 15, 16, 17, 18, 19, 22, 23, 31, 48, 49, 50, 54, 55, 58, 59, 62, 63, 66, 71, 72, 73, 74, 75, 76, 78, 79, 80, 87, 88, 89, 90, 93, 94, 98, 99, 100, 101, 104, 105, 106, 109, 112, 113, 117, 118, 119, 120, 123, 124, 125, 128, 129, 130, 131, 132, 134], "summary": {"covered_lines": 65, "num_statements": 69, "percent_covered": 94.20289855072464, "percent_covered_display": "94", "missing_lines": 4, "excluded_lines": 0, "percent_statements_covered": 94.20289855072464, "percent_statements_covered_display": "94"}, "missing_lines": [67, 81, 83, 84], "excluded_lines": [], "functions": {"score_document": {"executed_lines": [48, 49, 50, 54, 55, 58, 59, 62, 63, 66, 71, 72, 73, 74, 75, 76, 78, 79, 80, 87, 88, 89, 90, 93, 94, 98, 99, 100, 101, 104, 105, 106, 109, 112, 113, 117, 118, 119, 120, 123, 124, 125, 128, 129, 130, 131, 132, 134], "summary": {"covered_lines": 48, "num_statements": 52, "percent_covered": 92.3076923076923, "percent_covered_display": "92", "missing_lines": 4, "excluded_lines": 0, "percent_statements_covered": 92.3076923076923, "percent_statements_covered_display": "92"}, "missing_lines": [67, 81, 83, 84], "excluded_lines": []}, "": {"executed_lines": [1, 3, 4, 6, 9, 10, 11, 12, 13, 14, 15, 16, 17, 18, 19, 22, 23, 31], "summary": {"covered_lines": 17, "num_statements": 17, "percent_covered": 100.0, "percent_covered_display": "100", "missing_lines": 0, "excluded_lines": 0, "percent_statements_covered": 100.0, "percent_statements_covered_display": "100"}, "missing_lines": [], "excluded_lines": []}}, "classes": {"": {"executed_lines": [1, 3, 4, 6, 9, 10, 11, 12, 13, 14, 15, 16, 17, 18, 19, 22, 23, 31, 48, 49, 50, 54, 55, 58, 59, 62, 63, 66, 71, 72, 73, 74, 75, 76, 78, 79, 80, 87, 88, 89, 90, 93, 94, 98, 99, 100, 101, 104, 105, 106, 109, 112, 113, 117, 118, 119, 120, 123, 124, 125, 128, 129, 130, 131, 132, 134], "summary": {"covered_lines": 65, "num_statements": 69, "percent_covered": 94.20289855072464, "percent_covered_display": "94", "missing_lines": 4, "excluded_lines": 0, "percent_statements_covered": 94.20289855072464, "percent_statements_covered_display": "94"}, "missing_lines": [67, 81, 83, 84], "excluded_lines": []}}}, "src/cover_letter_generator/signature_validator.py": {"executed_lines": [1, 3, 4, 5, 6, 7, 9, 11, 12, 13, 14, 15, 16, 23, 26, 27, 29, 36, 37, 38, 39, 41, 45, 71, 94, 255], "summary": {"covered_lines": 24, "num_statements": 89, "percent_covered": 26.96629213483146, "percent_covered_display": "27", "missing_lines": 65, "excluded_lines": 0, "percent_statements_covered": 26.96629213483146, "percent_statements_covered_display": "27"}, "missing_lines": [17, 18, 19, 42, 54, 55, 57, 59, 65, 66, 67, 68, 82, 83, 86, 87, 88, 91, 110, 111, 119, 120, 121, 128, 130, 131, 132, 140, 143, 146, 147, 148, 170, 185, 209, 210, 213, 214, 215, 216, 218, 219, 220, 221, 222, 223, 224, 225, 226, 228, 235, 237, 238, 239, 247, 272, 273, 275, 277, 278, 279, 281, 282, 283, 285], "excluded_lines": [], "functions": {"SignatureValidationResult.__init__": {"executed_lines": [36, 37, 38, 39], "summary": {"covered_lines": 4, "num_statements": 4, "percent_covered": 100.0, "percent_covered_display": "100", "missing_lines": 0, "excluded_lines": 0, "percent_statements_covered": 100.0, "percent_statements_covered_display": "100"}, "missing_lines": [], "excluded_lines": []}, "SignatureValidationResult.__str__": {"executed_lines": [], "summary": {"covered_lines": 0, "num_statements": 1, "percent_covered": 0.0, "percent_covered_display": "0", "missing_lines": 1, "excluded_lines": 0, "percent_statements_covered": 0.0, "percent_statements_covered_display": "0"}, "missing_lines": [42], "excluded_lines": []}, "convert_pdf_to_image": {"executed_lines": [], "summary": {"covered_lines": 0, "num_statements": 8, "percent_covered": 0.0, "percent_covered_display": "0", "missing_lines": 8, "excluded_lines": 0, "percent_statements_covered": 0.0, "percent_statements_covered_display": "0"}, "missing_lines": [54, 55, 57, 59, 65, 66, 67, 68], "excluded_lines": []}, "image_to_base64": {"executed_lines": [], "summary": {"covered_lines": 0, "num_statements": 6, "percent_covered": 0.0, "percent_covered_display": "0", "missing_lines": 6, "excluded_lines": 0, "percent_statements_covered": 0.0, "percent_statements_covered_display": "0"}, "missing_lines": [82, 83, 86, 87, 88, 91], "excluded_lines": []}, "validate_signature_with_vision": {"executed_lines": [], "summary": {"covered_lines": 0, "num_statements": 37, "percent_covered": 0.0, "percent_covered_display": "0", "missing_lines": 37, "excluded_lines": 0, "percent_statements_covered": 0.0, "percent_statements_covered_display": "0"}, "missing_lines": [110, 111, 119, 120, 121, 128, 130, 131, 132, 140, 143, 146, 147, 148, 170, 185, 209, 210, 213, 214, 215, 216, 218, 219, 220, 221, 222, 223, 224, 225, 226, 228, 235, 237, 238, 239, 247], "excluded_lines": []}, "validate_pdf_signature": {"executed_lines": [], "summary": {"covered_lines": 0, "num_statements": 10, "percent_covered": 0.0, "percent_covered_display": "0", "missing_lines": 10, "excluded_lines": 0, "percent_statements_covered": 0.0, "percent_statements_covered_display": "0"}, "missing_lines": [272, 273, 275, 277, 278, 279, 281, 282, 283, 285], "excluded_lines": []}, "": {"executed_lines": [1, 3, 4, 5, 6, 7, 9, 11, 12, 13, 14, 15, 16, 23, 26, 27, 29, 41, 45, 71, 94, 255], "summary": {"covered_lines": 20, "num_statements": 23, "percent_covered": 86.95652173913044, "percent_covered_display": "87", "missing_lines": 3, "excluded_lines": 0, "percent_statements_covered": 86.95652173913044, "percent_statements_covered_display": "87"}, "missing_lines": [17, 18, 19], "excluded_lines": []}}, "classes": {"SignatureValidationResult": {"executed_lines": [36, 37, 38, 39], "summary": {"covered_lines": 4, "num_statements": 5, "percent_covered": 80.0, "percent_covered_display": "80", "missing_lines": 1, "excluded_lines": 0, "percent_statements_covered": 80.0, "percent_statements_covered_display": "80"}, "missing_lines": [42], "excluded_lines": []}, "": {"executed_lines": [1, 3, 4, 5, 6, 7, 9, 11, 12, 13, 14, 15, 16, 23, 26, 27, 29, 41, 45, 71, 94, 255], "summary": {"covered_lines": 20, "num_statements": 84, "percent_covered": 23.80952380952381, "percent_covered_display": "24", "missing_lines": 64, "excluded_lines": 0, "percent_statements_covered": 23.80952380952381, "percent_statements_covered_display": "24"}, "missing_lines": [17, 18, 19, 54, 55, 57, 59, 65, 66, 67, 68, 82, 83, 86, 87, 88, 91, 110, 111, 119, 120, 121, 128, 130, 131, 132, 140, 143, 146, 147, 148, 170, 185, 209, 210, 213, 214, 215, 216, 218, 219, 220, 221, 222, 223, 224, 225, 226, 228, 235, 237, 238, 239, 247, 272, 273, 275, 277, 278, 279, 281, 282, 283, 285], "excluded_lines": []}}}, "src/cover_letter_generator/system_improver.py": {"executed_lines": [1, 3, 4, 5, 6, 8, 9, 12, 15, 16, 18, 24, 28, 31, 32, 34, 36, 38, 41, 42, 44, 46, 47, 49, 65, 66, 69, 74, 107, 117, 120, 121, 122, 123, 126, 129, 134, 139, 144, 150, 151, 152, 153, 155, 156, 159, 161, 167, 179, 185, 187, 189, 209, 219, 220, 221, 222, 224, 225, 226, 229, 230, 264], "summary": {"covered_lines": 61, "num_statements": 93, "percent_covered": 65.59139784946237, "percent_covered_display": "66", "missing_lines": 32, "excluded_lines": 0, "percent_statements_covered": 65.59139784946237, "percent_statements_covered_display": "66"}, "missing_lines": [25, 26, 33, 39, 163, 164, 165, 199, 207, 231, 233, 234, 235, 236, 237, 242, 245, 246, 247, 251, 252, 254, 255, 257, 261, 262, 280, 281, 282, 284, 287, 289], "excluded_lines": [], "functions": {"SystemImprover.__init__": {"executed_lines": [24, 28, 31, 32, 34], "summary": {"covered_lines": 5, "num_statements": 8, "percent_covered": 62.5, "percent_covered_display": "62", "missing_lines": 3, "excluded_lines": 0, "percent_statements_covered": 62.5, "percent_statements_covered_display": "62"}, "missing_lines": [25, 26, 33], "excluded_lines": []}, "SystemImprover._read_system_prompt": {"executed_lines": [38, 41, 42], "summary": {"covered_lines": 3, "num_statements": 4, "percent_covered": 75.0, "percent_covered_display": "75", "missing_lines": 1, "excluded_lines": 0, "percent_statements_covered": 75.0, "percent_statements_covered_display": "75"}, "missing_lines": [39], "excluded_lines": []}, "SystemImprover._write_system_prompt": {"executed_lines": [46, 47], "summary": {"covered_lines": 2, "num_statements": 2, "percent_covered": 100.0, "percent_covered_display": "100", "missing_lines": 0, "excluded_lines": 0, "percent_statements_covered": 100.0, "percent_statements_covered_display": "100"}, "missing_lines": [], "excluded_lines": []}, "SystemImprover.suggest_improvement": {"executed_lines": [65, 66, 69, 74, 107, 117, 120, 121, 122, 123, 126, 129, 134, 139, 144, 150, 151, 152, 153, 155, 156, 159, 161], "summary": {"covered_lines": 23, "num_statements": 26, "percent_covered": 88.46153846153847, "percent_covered_display": "88", "missing_lines": 3, "excluded_lines": 0, "percent_statements_covered": 88.46153846153847, "percent_statements_covered_display": "88"}, "missing_lines": [163, 164, 165], "excluded_lines": []}, "SystemImprover._apply_suggestion": {"executed_lines": [179, 185, 187], "summary": {"covered_lines": 3, "num_statements": 3, "percent_covered": 100.0, "percent_covered_display": "100", "missing_lines": 0, "excluded_lines": 0, "percent_statements_covered": 100.0, "percent_statements_covered_display": "100"}, "missing_lines": [], "excluded_lines": []}, "SystemImprover.show_diff": {"executed_lines": [], "summary": {"covered_lines": 0, "num_statements": 2, "percent_covered": 0.0, "percent_covered_display": "0", "missing_lines": 2, "excluded_lines": 0, "percent_statements_covered": 0.0, "percent_statements_covered_display": "0"}, "missing_lines": [199, 207], "excluded_lines": []}, "SystemImprover.apply_improvement": {"executed_lines": [219, 220, 221, 222, 224, 225, 226, 229, 230], "summary": {"covered_lines": 9, "num_statements": 26, "percent_covered": 34.61538461538461, "percent_covered_display": "35", "missing_lines": 17, "excluded_lines": 0, "percent_statements_covered": 34.61538461538461, "percent_statements_covered_display": "35"}, "missing_lines": [231, 233, 234, 235, 236, 237, 242, 245, 246, 247, 251, 252, 254, 255, 257, 261, 262], "excluded_lines": []}, "SystemImprover.suggest_and_show": {"executed_lines": [], "summary": {"covered_lines": 0, "num_statements": 6, "percent_covered": 0.0, "percent_covered_display": "0", "missing_lines": 6, "excluded_lines": 0, "percent_statements_covered": 0.0, "percent_statements_covered_display": "0"}, "missing_lines": [280, 281, 282, 284, 287, 289], "excluded_lines": []}, "": {"executed_lines": [1, 3, 4, 5, 6, 8, 9, 12, 15, 16, 18, 36, 44, 49, 167, 189, 209, 264], "summary": {"covered_lines": 16, "num_statements": 16, "percent_covered": 100.0, "percent_covered_display": "100", "missing_lines": 0, "excluded_lines": 0, "percent_statements_covered": 100.0, "percent_statements_covered_display": "100"}, "missing_lines": [], "excluded_lines": []}}, "classes": {"SystemImprover": {"executed_lines": [24, 28, 31, 32, 34, 38, 41, 42, 46, 47, 65, 66, 69, 74, 107, 117, 120, 121, 122, 123, 126, 129, 134, 139, 144, 150, 151, 152, 153, 155, 156, 159, 161, 179, 185, 187, 219, 220, 221, 222, 224, 225, 226, 229, 230], "summary": {"covered_lines": 45, "num_statements": 77, "percent_covered": 58.44155844155844, "percent_covered_display": "58", "missing_lines": 32, "excluded_lines": 0, "percent_statements_covered": 58.44155844155844, "percent_statements_covered_display": "58"}, "missing_lines": [25, 26, 33, 39, 163, 164, 165, 199, 207, 231, 233, 234, 235, 236, 237, 242, 245, 246, 247, 251, 252, 254, 255, 257, 261, 262, 280, 281, 282, 284, 287, 289], "excluded_lines": []}, "": {"executed_lines": [1, 3, 4, 5, 6, 8, 9, 12, 15, 16, 18, 36, 44, 49, 167, 189, 209, 264], "summary": {"covered_lines": 16, "num_statements": 16, "percent_covered": 100.0, "percent_covered_display": "100", "missing_lines": 0, "excluded_lines": 0, "percent_statements_covered": 100.0, "percent_statements_covered_display": "100"}, "missing_lines": [], "excluded_lines": []}}}, "src/cover_letter_generator/ui_components.py": {"executed_lines": [], "summary": {"covered_lines": 0, "num_statements": 212, "percent_covered": 0.0, "percent_covered_display": "0", "missing_lines": 212, "excluded_lines": 0, "percent_statements_covered": 0.0, "percent_statements_covered_display": "0"}, "missing_lines": [3, 5, 6, 7, 8, 9, 10, 11, 12, 13, 15, 18, 19, 22, 24, 25, 26, 29, 31, 34, 43, 44, 46, 47, 48, 49, 55, 56, 57, 58, 59, 60, 63, 64, 65, 66, 68, 69, 70, 71, 72, 73, 74, 75, 77, 80, 91, 92, 93, 95, 97, 98, 100, 102, 103, 105, 106, 107, 108, 109, 112, 123, 126, 127, 128, 129, 130, 131, 132, 134, 135, 136, 137, 143, 144, 146, 153, 155, 156, 157, 160, 162, 163, 164, 165, 166, 169, 170, 171, 173, 175, 178, 185, 186, 187, 188, 189, 190, 193, 194, 195, 196, 198, 199, 200, 203, 204, 205, 206, 207, 208, 209, 210, 211, 214, 215, 216, 219, 221, 222, 223, 224, 225, 226, 228, 230, 232, 239, 240, 241, 242, 245, 246, 247, 248, 249, 250, 251, 252, 253, 258, 263, 264, 265, 266, 267, 268, 269, 270, 273, 274, 277, 278, 281, 282, 283, 284, 285, 286, 287, 288, 289, 290, 291, 292, 293, 294, 295, 296, 297, 298, 299, 300, 301, 302, 303, 304, 306, 308, 309, 312, 313, 314, 315, 316, 317, 318, 319, 320, 321, 322, 323, 325, 326, 327, 328, 329, 330, 331, 332, 333, 334, 336, 340, 341, 343, 344, 345, 348, 349, 350, 352], "excluded_lines": [], "functions": {"print_header": {"executed_lines": [], "summary": {"covered_lines": 0, "num_statements": 3, "percent_covered": 0.0, "percent_covered_display": "0", "missing_lines": 3, "excluded_lines": 0, "percent_statements_covered": 0.0, "percent_statements_covered_display": "0"}, "missing_lines": [24, 25, 26], "excluded_lines": []}, "print_divider": {"executed_lines": [], "summary": {"covered_lines": 0, "num_statements": 1, "percent_covered": 0.0, "percent_covered_display": "0", "missing_lines": 1, "excluded_lines": 0, "percent_statements_covered": 0.0, "percent_statements_covered_display": "0"}, "missing_lines": [31], "excluded_lines": []}, "read_multiline_input": {"executed_lines": [], "summary": {"covered_lines": 0, "num_statements": 25, "percent_covered": 0.0, "percent_covered_display": "0", "missing_lines": 25, "excluded_lines": 0, "percent_statements_covered": 0.0, "percent_statements_covered_display": "0"}, "missing_lines": [43, 44, 46, 47, 48, 49, 55, 56, 57, 58, 59, 60, 63, 64, 65, 66, 68, 69, 70, 71, 72, 73, 74, 75, 77], "excluded_lines": []}, "get_user_choice": {"executed_lines": [], "summary": {"covered_lines": 0, "num_statements": 14, "percent_covered": 0.0, "percent_covered_display": "0", "missing_lines": 14, "excluded_lines": 0, "percent_statements_covered": 0.0, "percent_statements_covered_display": "0"}, "missing_lines": [91, 92, 93, 95, 97, 98, 100, 102, 103, 105, 106, 107, 108, 109], "excluded_lines": []}, "edit_job_field": {"executed_lines": [], "summary": {"covered_lines": 0, "num_statements": 19, "percent_covered": 0.0, "percent_covered_display": "0", "missing_lines": 19, "excluded_lines": 0, "percent_statements_covered": 0.0, "percent_statements_covered_display": "0"}, "missing_lines": [123, 126, 127, 128, 129, 130, 131, 132, 134, 135, 136, 137, 143, 144, 146, 153, 155, 156, 157], "excluded_lines": []}, "show_job_details": {"executed_lines": [], "summary": {"covered_lines": 0, "num_statements": 10, "percent_covered": 0.0, "percent_covered_display": "0", "missing_lines": 10, "excluded_lines": 0, "percent_statements_covered": 0.0, "percent_statements_covered_display": "0"}, "missing_lines": [162, 163, 164, 165, 166, 169, 170, 171, 173, 175], "excluded_lines": []}, "get_job_details_interactive": {"executed_lines": [], "summary": {"covered_lines": 0, "num_statements": 120, "percent_covered": 0.0, "percent_covered_display": "0", "missing_lines": 120, "excluded_lines": 0, "percent_statements_covered": 0.0, "percent_statements_covered_display": "0"}, "missing_lines": [185, 186, 187, 188, 189, 190, 193, 194, 195, 196, 198, 199, 200, 203, 204, 205, 206, 207, 208, 209, 210, 211, 214, 215, 216, 219, 221, 222, 223, 224, 225, 226, 228, 230, 232, 239, 240, 241, 242, 245, 246, 247, 248, 249, 250, 251, 252, 253, 258, 263, 264, 265, 266, 267, 268, 269, 270, 273, 274, 277, 278, 281, 282, 283, 284, 285, 286, 287, 288, 289, 290, 291, 292, 293, 294, 295, 296, 297, 298, 299, 300, 301, 302, 303, 304, 306, 308, 309, 312, 313, 314, 315, 316, 317, 318, 319, 320, 321, 322, 323, 325, 326, 327, 328, 329, 330, 331, 332, 333, 334, 336, 340, 341, 343, 344, 345, 348, 349, 350, 352], "excluded_lines": []}, "": {"executed_lines": [], "summary": {"covered_lines": 0, "num_statements": 20, "percent_covered": 0.0, "percent_covered_display": "0", "missing_lines": 20, "excluded_lines": 0, "percent_statements_covered": 0.0, "percent_statements_covered_display": "0"}, "missing_lines": [3, 5, 6, 7, 8, 9, 10, 11, 12, 13, 15, 18, 19, 22, 29, 34, 80, 112, 160, 178], "excluded_lines": []}}, "classes": {"": {"executed_lines": [], "summary": {"covered_lines": 0, "num_statements": 212, "percent_covered": 0.0, "percent_covered_display": "0", "missing_lines": 212, "excluded_lines": 0, "percent_statements_covered": 0.0, "percent_statements_covered_display": "0"}, "missing_lines": [3, 5, 6, 7, 8, 9, 10, 11, 12, 13, 15, 18, 19, 22, 24, 25, 26, 29, 31, 34, 43, 44, 46, 47, 48, 49, 55, 56, 57, 58, 59, 60, 63, 64, 65, 66, 68, 69, 70, 71, 72, 73, 74, 75, 77, 80, 91, 92, 93, 95, 97, 98, 100, 102, 103, 105, 106, 107, 108, 109, 112, 123, 126, 127, 128, 129, 130, 131, 132, 134, 135, 136, 137, 143, 144, 146, 153, 155, 156, 157, 160, 162, 163, 164, 165, 166, 169, 170, 171, 173, 175, 178, 185, 186, 187, 188, 189, 190, 193, 194, 195, 196, 198, 199, 200, 203, 204, 205, 206, 207, 208, 209, 210, 211, 214, 215, 216, 219, 221, 222, 223, 224, 225, 226, 228, 230, 232, 239, 240, 241, 242, 245, 246, 247, 248, 249, 250, 251, 252, 253, 258, 263, 264, 265, 266, 267, 268, 269, 270, 273, 274, 277, 278, 281, 282, 283, 284, 285, 286, 287, 288, 289, 290, 291, 292, 293, 294, 295, 296, 297, 298, 299, 300, 301, 302, 303, 304, 306, 308, 309, 312, 313, 314, 315, 316, 317, 318, 319, 320, 321, 322, 323, 325, 326, 327, 328, 329, 330, 331, 332, 333, 334, 336, 340, 341, 343, 344, 345, 348, 349, 350, 352], "excluded_lines": []}}}, "src/cover_letter_generator/utils.py": {"executed_lines": [1, 3, 4, 5, 6, 7, 8, 11, 12, 14, 15, 17, 25, 30, 32, 33, 36, 51, 52, 54, 55, 61, 71, 72, 73, 76, 77, 78, 80, 81, 82, 84, 85, 87, 90, 100, 107, 108, 109, 110, 112, 113, 114, 115, 120, 136, 138, 140, 141, 143, 146, 148, 149, 150, 151, 152, 154, 155, 157, 158, 161, 164, 184], "summary": {"covered_lines": 61, "num_statements": 71, "percent_covered": 85.91549295774648, "percent_covered_display": "86", "missing_lines": 10, "excluded_lines": 0, "percent_statements_covered": 85.91549295774648, "percent_statements_covered_display": "86"}, "missing_lines": [20, 23, 27, 58, 117, 180, 181, 197, 198, 200], "excluded_lines": [], "functions": {"TelemetryFilter.__init__": {"executed_lines": [15], "summary": {"covered_lines": 1, "num_statements": 1, "percent_covered": 100.0, "percent_covered_display": "100", "missing_lines": 0, "excluded_lines": 0, "percent_statements_covered": 100.0, "percent_statements_covered_display": "100"}, "missing_lines": [], "excluded_lines": []}, "TelemetryFilter.write": {"executed_lines": [], "summary": {"covered_lines": 0, "num_statements": 2, "percent_covered": 0.0, "percent_covered_display": "0", "missing_lines": 2, "excluded_lines": 0, "percent_statements_covered": 0.0, "percent_statements_covered_display": "0"}, "missing_lines": [20, 23], "excluded_lines": []}, "TelemetryFilter.flush": {"executed_lines": [], "summary": {"covered_lines": 0, "num_statements": 1, "percent_covered": 0.0, "percent_covered_display": "0", "missing_lines": 1, "excluded_lines": 0, "percent_statements_covered": 0.0, "percent_statements_covered_display": "0"}, "missing_lines": [27], "excluded_lines": []}, "suppress_telemetry_errors": {"executed_lines": [32, 33], "summary": {"covered_lines": 2, "num_statements": 2, "percent_covered": 100.0, "percent_covered_display": "100", "missing_lines": 0, "excluded_lines": 0, "percent_statements_covered": 100.0, "percent_statements_covered_display": "100"}, "missing_lines": [], "excluded_lines": []}, "get_data_directory": {"executed_lines": [51, 52, 54, 55], "summary": {"covered_lines": 4, "num_statements": 5, "percent_covered": 80.0, "percent_covered_display": "80", "missing_lines": 1, "excluded_lines": 0, "percent_statements_covered": 80.0, "percent_statements_covered_display": "80"}, "missing_lines": [58], "excluded_lines": []}, "extract_company_name": {"executed_lines": [71, 72, 73, 76, 77, 78, 80, 81, 82, 84, 85, 87], "summary": {"covered_lines": 12, "num_statements": 12, "percent_covered": 100.0, "percent_covered_display": "100", "missing_lines": 0, "excluded_lines": 0, "percent_statements_covered": 100.0, "percent_statements_covered_display": "100"}, "missing_lines": [], "excluded_lines": []}, "extract_job_title": {"executed_lines": [100, 107, 108, 109, 110, 112, 113, 114, 115], "summary": {"covered_lines": 9, "num_statements": 10, "percent_covered": 90.0, "percent_covered_display": "90", "missing_lines": 1, "excluded_lines": 0, "percent_statements_covered": 90.0, "percent_statements_covered_display": "90"}, "missing_lines": [117], "excluded_lines": []}, "create_folder_name_from_details": {"executed_lines": [136, 138, 140, 141, 143, 146, 148, 149, 150, 151, 152, 154, 155, 157, 158, 161], "summary": {"covered_lines": 16, "num_statements": 16, "percent_covered": 100.0, "percent_covered_display": "100", "missing_lines": 0, "excluded_lines": 0, "percent_statements_covered": 100.0, "percent_statements_covered_display": "100"}, "missing_lines": [], "excluded_lines": []}, "create_filename_from_details": {"executed_lines": [], "summary": {"covered_lines": 0, "num_statements": 2, "percent_covered": 0.0, "percent_covered_display": "0", "missing_lines": 2, "excluded_lines": 0, "percent_statements_covered": 0.0, "percent_statements_covered_display": "0"}, "missing_lines": [180, 181], "excluded_lines": []}, "extract_cover_letter_details": {"executed_lines": [], "summary": {"covered_lines": 0, "num_statements": 3, "percent_covered": 0.0, "percent_covered_display": "0", "missing_lines": 3, "excluded_lines": 0, "percent_statements_covered": 0.0, "percent_statements_covered_display": "0"}, "missing_lines": [197, 198, 200], "excluded_lines": []}, "": {"executed_lines": [1, 3, 4, 5, 6, 7, 8, 11, 12, 14, 17, 25, 30, 36, 61, 90, 120, 164, 184], "summary": {"covered_lines": 17, "num_statements": 17, "percent_covered": 100.0, "percent_covered_display": "100", "missing_lines": 0, "excluded_lines": 0, "percent_statements_covered": 100.0, "percent_statements_covered_display": "100"}, "missing_lines": [], "excluded_lines": []}}, "classes": {"TelemetryFilter": {"executed_lines": [15], "summary": {"covered_lines": 1, "num_statements": 4, "percent_covered": 25.0, "percent_covered_display": "25", "missing_lines": 3, "excluded_lines": 0, "percent_statements_covered": 25.0, "percent_statements_covered_display": "25"}, "missing_lines": [20, 23, 27], "excluded_lines": []}, "": {"executed_lines": [1, 3, 4, 5, 6, 7, 8, 11, 12, 14, 17, 25, 30, 32, 33, 36, 51, 52, 54, 55, 61, 71, 72, 73, 76, 77, 78, 80, 81, 82, 84, 85, 87, 90, 100, 107, 108, 109, 110, 112, 113, 114, 115, 120, 136, 138, 140, 141, 143, 146, 148, 149, 150, 151, 152, 154, 155, 157, 158, 161, 164, 184], "summary": {"covered_lines": 60, "num_statements": 67, "percent_covered": 89.55223880597015, "percent_covered_display": "90", "missing_lines": 7, "excluded_lines": 0, "percent_statements_covered": 89.55223880597015, "percent_statements_covered_display": "90"}, "missing_lines": [58, 117, 180, 181, 197, 198, 200], "excluded_lines": []}}}}, "totals": {"covered_lines": 564, "num_statements": 2255, "percent_covered": 25.01108647450111, "percent_covered_display": "25", "missing_lines": 1691, "excluded_lines": 1, "percent_statements_covered": 25.01108647450111, "percent_statements_covered_display": "25"}}